INFO - 2024-03-23 09:54:51 --> Session: Class initialized using 'CodeIgniter\Session\Handlers\FileHandler' driver.
INFO - 2024-03-23 09:54:51 --> Session: Class initialized using 'CodeIgniter\Session\Handlers\FileHandler' driver.
INFO - 2024-03-23 09:55:30 --> Session: Class initialized using 'CodeIgniter\Session\Handlers\FileHandler' driver.
INFO - 2024-03-23 09:55:38 --> Session: Class initialized using 'CodeIgniter\Session\Handlers\FileHandler' driver.
CRITICAL - 2024-03-23 09:55:38 --> ErrorException: Undefined array key "user_nama"
in APPPATH\Controllers\Login.php on line 29.
 1 APPPATH\Controllers\Login.php(29): CodeIgniter\Debug\Exceptions->errorHandler(2, 'Undefined array key "user_nama"', 'C:\\xampp\\htdocs\\ci-project\\app\\Controllers\\Login.php', 29)
 2 SYSTEMPATH\CodeIgniter.php(941): App\Controllers\Login->login_action()
 3 SYSTEMPATH\CodeIgniter.php(502): CodeIgniter\CodeIgniter->runController(Object(App\Controllers\Login))
 4 SYSTEMPATH\CodeIgniter.php(361): CodeIgniter\CodeIgniter->handleRequest(null, Object(Config\Cache), false)
 5 FCPATH\index.php(79): CodeIgniter\CodeIgniter->run()
 6 SYSTEMPATH\Commands\Server\rewrite.php(47): require_once('C:\\xampp\\htdocs\\ci-project\\public\\index.php')
INFO - 2024-03-23 09:55:53 --> Session: Class initialized using 'CodeIgniter\Session\Handlers\FileHandler' driver.
CRITICAL - 2024-03-23 09:55:53 --> ErrorException: Undefined array key "user_name"
in APPPATH\Controllers\Login.php on line 29.
 1 APPPATH\Controllers\Login.php(29): CodeIgniter\Debug\Exceptions->errorHandler(2, 'Undefined array key "user_name"', 'C:\\xampp\\htdocs\\ci-project\\app\\Controllers\\Login.php', 29)
 2 SYSTEMPATH\CodeIgniter.php(941): App\Controllers\Login->login_action()
 3 SYSTEMPATH\CodeIgniter.php(502): CodeIgniter\CodeIgniter->runController(Object(App\Controllers\Login))
 4 SYSTEMPATH\CodeIgniter.php(361): CodeIgniter\CodeIgniter->handleRequest(null, Object(Config\Cache), false)
 5 FCPATH\index.php(79): CodeIgniter\CodeIgniter->run()
 6 SYSTEMPATH\Commands\Server\rewrite.php(47): require_once('C:\\xampp\\htdocs\\ci-project\\public\\index.php')
INFO - 2024-03-23 09:56:10 --> Session: Class initialized using 'CodeIgniter\Session\Handlers\FileHandler' driver.
CRITICAL - 2024-03-23 09:56:10 --> ErrorException: Undefined array key "user_id"
in APPPATH\Controllers\Login.php on line 30.
 1 APPPATH\Controllers\Login.php(30): CodeIgniter\Debug\Exceptions->errorHandler(2, 'Undefined array key "user_id"', 'C:\\xampp\\htdocs\\ci-project\\app\\Controllers\\Login.php', 30)
 2 SYSTEMPATH\CodeIgniter.php(941): App\Controllers\Login->login_action()
 3 SYSTEMPATH\CodeIgniter.php(502): CodeIgniter\CodeIgniter->runController(Object(App\Controllers\Login))
 4 SYSTEMPATH\CodeIgniter.php(361): CodeIgniter\CodeIgniter->handleRequest(null, Object(Config\Cache), false)
 5 FCPATH\index.php(79): CodeIgniter\CodeIgniter->run()
 6 SYSTEMPATH\Commands\Server\rewrite.php(47): require_once('C:\\xampp\\htdocs\\ci-project\\public\\index.php')
INFO - 2024-03-23 09:56:18 --> Session: Class initialized using 'CodeIgniter\Session\Handlers\FileHandler' driver.
CRITICAL - 2024-03-23 09:56:18 --> ErrorException: Undefined variable $product
in APPPATH\Views\product_view.php on line 30.
 1 APPPATH\Views\product_view.php(30): CodeIgniter\Debug\Exceptions->errorHandler(2, 'Undefined variable $product', 'C:\\xampp\\htdocs\\ci-project\\app\\Views\\product_view.php', 30)
 2 SYSTEMPATH\View\View.php(228): include('C:\\xampp\\htdocs\\ci-project\\app\\Views\\product_view.php')
 3 SYSTEMPATH\View\View.php(231): CodeIgniter\View\View->CodeIgniter\View\{closure}()
 4 SYSTEMPATH\Common.php(1178): CodeIgniter\View\View->render('product_view', [], true)
 5 APPPATH\Controllers\Login.php(30): view('product_view')
 6 SYSTEMPATH\CodeIgniter.php(941): App\Controllers\Login->login_action()
 7 SYSTEMPATH\CodeIgniter.php(502): CodeIgniter\CodeIgniter->runController(Object(App\Controllers\Login))
 8 SYSTEMPATH\CodeIgniter.php(361): CodeIgniter\CodeIgniter->handleRequest(null, Object(Config\Cache), false)
 9 FCPATH\index.php(79): CodeIgniter\CodeIgniter->run()
10 SYSTEMPATH\Commands\Server\rewrite.php(47): require_once('C:\\xampp\\htdocs\\ci-project\\public\\index.php')
INFO - 2024-03-23 10:03:11 --> Session: Class initialized using 'CodeIgniter\Session\Handlers\FileHandler' driver.
CRITICAL - 2024-03-23 10:03:11 --> ErrorException: Undefined variable $product
in APPPATH\Views\product_view.php on line 30.
 1 APPPATH\Views\product_view.php(30): CodeIgniter\Debug\Exceptions->errorHandler(2, 'Undefined variable $product', 'C:\\xampp\\htdocs\\ci-project\\app\\Views\\product_view.php', 30)
 2 SYSTEMPATH\View\View.php(228): include('C:\\xampp\\htdocs\\ci-project\\app\\Views\\product_view.php')
 3 SYSTEMPATH\View\View.php(231): CodeIgniter\View\View->CodeIgniter\View\{closure}()
 4 SYSTEMPATH\Common.php(1178): CodeIgniter\View\View->render('product_view', [], true)
 5 APPPATH\Controllers\Login.php(30): view('product_view')
 6 SYSTEMPATH\CodeIgniter.php(941): App\Controllers\Login->login_action()
 7 SYSTEMPATH\CodeIgniter.php(502): CodeIgniter\CodeIgniter->runController(Object(App\Controllers\Login))
 8 SYSTEMPATH\CodeIgniter.php(361): CodeIgniter\CodeIgniter->handleRequest(null, Object(Config\Cache), false)
 9 FCPATH\index.php(79): CodeIgniter\CodeIgniter->run()
10 SYSTEMPATH\Commands\Server\rewrite.php(47): require_once('C:\\xampp\\htdocs\\ci-project\\public\\index.php')
INFO - 2024-03-23 10:03:18 --> Session: Class initialized using 'CodeIgniter\Session\Handlers\FileHandler' driver.
CRITICAL - 2024-03-23 10:03:18 --> ErrorException: Undefined variable $product
in APPPATH\Views\product_view.php on line 30.
 1 APPPATH\Views\product_view.php(30): CodeIgniter\Debug\Exceptions->errorHandler(2, 'Undefined variable $product', 'C:\\xampp\\htdocs\\ci-project\\app\\Views\\product_view.php', 30)
 2 SYSTEMPATH\View\View.php(228): include('C:\\xampp\\htdocs\\ci-project\\app\\Views\\product_view.php')
 3 SYSTEMPATH\View\View.php(231): CodeIgniter\View\View->CodeIgniter\View\{closure}()
 4 SYSTEMPATH\Common.php(1178): CodeIgniter\View\View->render('product_view', [], true)
 5 APPPATH\Controllers\Login.php(30): view('product_view')
 6 SYSTEMPATH\CodeIgniter.php(941): App\Controllers\Login->login_action()
 7 SYSTEMPATH\CodeIgniter.php(502): CodeIgniter\CodeIgniter->runController(Object(App\Controllers\Login))
 8 SYSTEMPATH\CodeIgniter.php(361): CodeIgniter\CodeIgniter->handleRequest(null, Object(Config\Cache), false)
 9 FCPATH\index.php(79): CodeIgniter\CodeIgniter->run()
10 SYSTEMPATH\Commands\Server\rewrite.php(47): require_once('C:\\xampp\\htdocs\\ci-project\\public\\index.php')
CRITICAL - 2024-03-23 10:06:09 --> ErrorException: Cannot redeclare App\Models\M_user::$table
in APPPATH\Models\M_user.php on line 28.
 1 [internal function]: CodeIgniter\Debug\Exceptions->shutdownHandler()
CRITICAL - 2024-03-23 10:08:22 --> ErrorException: Undefined variable $product
in APPPATH\Views\product_view.php on line 30.
 1 APPPATH\Views\product_view.php(30): CodeIgniter\Debug\Exceptions->errorHandler(2, 'Undefined variable $product', 'C:\\xampp\\htdocs\\ci-project\\app\\Views\\product_view.php', 30)
 2 SYSTEMPATH\View\View.php(228): include('C:\\xampp\\htdocs\\ci-project\\app\\Views\\product_view.php')
 3 SYSTEMPATH\View\View.php(231): CodeIgniter\View\View->CodeIgniter\View\{closure}()
 4 SYSTEMPATH\Common.php(1178): CodeIgniter\View\View->render('product_view', [], true)
 5 APPPATH\Controllers\Product.php(12): view('product_view', [...])
 6 SYSTEMPATH\CodeIgniter.php(941): App\Controllers\Product->index()
 7 SYSTEMPATH\CodeIgniter.php(502): CodeIgniter\CodeIgniter->runController(Object(App\Controllers\Product))
 8 SYSTEMPATH\CodeIgniter.php(361): CodeIgniter\CodeIgniter->handleRequest(null, Object(Config\Cache), false)
 9 FCPATH\index.php(79): CodeIgniter\CodeIgniter->run()
10 SYSTEMPATH\Commands\Server\rewrite.php(47): require_once('C:\\xampp\\htdocs\\ci-project\\public\\index.php')
INFO - 2024-03-23 10:08:46 --> Session: Class initialized using 'CodeIgniter\Session\Handlers\FileHandler' driver.
INFO - 2024-03-23 10:09:04 --> Session: Class initialized using 'CodeIgniter\Session\Handlers\FileHandler' driver.
CRITICAL - 2024-03-23 10:09:04 --> ErrorException: Undefined variable $product
in APPPATH\Views\product_view.php on line 30.
 1 APPPATH\Views\product_view.php(30): CodeIgniter\Debug\Exceptions->errorHandler(2, 'Undefined variable $product', 'C:\\xampp\\htdocs\\ci-project\\app\\Views\\product_view.php', 30)
 2 SYSTEMPATH\View\View.php(228): include('C:\\xampp\\htdocs\\ci-project\\app\\Views\\product_view.php')
 3 SYSTEMPATH\View\View.php(231): CodeIgniter\View\View->CodeIgniter\View\{closure}()
 4 SYSTEMPATH\Common.php(1178): CodeIgniter\View\View->render('product_view', [], true)
 5 APPPATH\Controllers\Login.php(30): view('product_view')
 6 SYSTEMPATH\CodeIgniter.php(941): App\Controllers\Login->login_action()
 7 SYSTEMPATH\CodeIgniter.php(502): CodeIgniter\CodeIgniter->runController(Object(App\Controllers\Login))
 8 SYSTEMPATH\CodeIgniter.php(361): CodeIgniter\CodeIgniter->handleRequest(null, Object(Config\Cache), false)
 9 FCPATH\index.php(79): CodeIgniter\CodeIgniter->run()
10 SYSTEMPATH\Commands\Server\rewrite.php(47): require_once('C:\\xampp\\htdocs\\ci-project\\public\\index.php')
INFO - 2024-03-23 10:09:36 --> Session: Class initialized using 'CodeIgniter\Session\Handlers\FileHandler' driver.
CRITICAL - 2024-03-23 10:09:36 --> ErrorException: Undefined variable $product
in APPPATH\Views\product_view.php on line 30.
 1 APPPATH\Views\product_view.php(30): CodeIgniter\Debug\Exceptions->errorHandler(2, 'Undefined variable $product', 'C:\\xampp\\htdocs\\ci-project\\app\\Views\\product_view.php', 30)
 2 SYSTEMPATH\View\View.php(228): include('C:\\xampp\\htdocs\\ci-project\\app\\Views\\product_view.php')
 3 SYSTEMPATH\View\View.php(231): CodeIgniter\View\View->CodeIgniter\View\{closure}()
 4 SYSTEMPATH\Common.php(1178): CodeIgniter\View\View->render('product_view', [], true)
 5 APPPATH\Controllers\Login.php(30): view('product_view')
 6 SYSTEMPATH\CodeIgniter.php(941): App\Controllers\Login->login_action()
 7 SYSTEMPATH\CodeIgniter.php(502): CodeIgniter\CodeIgniter->runController(Object(App\Controllers\Login))
 8 SYSTEMPATH\CodeIgniter.php(361): CodeIgniter\CodeIgniter->handleRequest(null, Object(Config\Cache), false)
 9 FCPATH\index.php(79): CodeIgniter\CodeIgniter->run()
10 SYSTEMPATH\Commands\Server\rewrite.php(47): require_once('C:\\xampp\\htdocs\\ci-project\\public\\index.php')
INFO - 2024-03-23 10:09:39 --> Session: Class initialized using 'CodeIgniter\Session\Handlers\FileHandler' driver.
CRITICAL - 2024-03-23 10:09:39 --> ErrorException: Undefined variable $product
in APPPATH\Views\product_view.php on line 30.
 1 APPPATH\Views\product_view.php(30): CodeIgniter\Debug\Exceptions->errorHandler(2, 'Undefined variable $product', 'C:\\xampp\\htdocs\\ci-project\\app\\Views\\product_view.php', 30)
 2 SYSTEMPATH\View\View.php(228): include('C:\\xampp\\htdocs\\ci-project\\app\\Views\\product_view.php')
 3 SYSTEMPATH\View\View.php(231): CodeIgniter\View\View->CodeIgniter\View\{closure}()
 4 SYSTEMPATH\Common.php(1178): CodeIgniter\View\View->render('product_view', [], true)
 5 APPPATH\Controllers\Login.php(30): view('product_view')
 6 SYSTEMPATH\CodeIgniter.php(941): App\Controllers\Login->login_action()
 7 SYSTEMPATH\CodeIgniter.php(502): CodeIgniter\CodeIgniter->runController(Object(App\Controllers\Login))
 8 SYSTEMPATH\CodeIgniter.php(361): CodeIgniter\CodeIgniter->handleRequest(null, Object(Config\Cache), false)
 9 FCPATH\index.php(79): CodeIgniter\CodeIgniter->run()
10 SYSTEMPATH\Commands\Server\rewrite.php(47): require_once('C:\\xampp\\htdocs\\ci-project\\public\\index.php')
INFO - 2024-03-23 10:12:33 --> Session: Class initialized using 'CodeIgniter\Session\Handlers\FileHandler' driver.
CRITICAL - 2024-03-23 10:12:33 --> ErrorException: Undefined variable $product
in APPPATH\Views\product_view.php on line 30.
 1 APPPATH\Views\product_view.php(30): CodeIgniter\Debug\Exceptions->errorHandler(2, 'Undefined variable $product', 'C:\\xampp\\htdocs\\ci-project\\app\\Views\\product_view.php', 30)
 2 SYSTEMPATH\View\View.php(228): include('C:\\xampp\\htdocs\\ci-project\\app\\Views\\product_view.php')
 3 SYSTEMPATH\View\View.php(231): CodeIgniter\View\View->CodeIgniter\View\{closure}()
 4 SYSTEMPATH\Common.php(1178): CodeIgniter\View\View->render('product_view', [], true)
 5 APPPATH\Controllers\Login.php(30): view('product_view')
 6 SYSTEMPATH\CodeIgniter.php(941): App\Controllers\Login->login_action()
 7 SYSTEMPATH\CodeIgniter.php(502): CodeIgniter\CodeIgniter->runController(Object(App\Controllers\Login))
 8 SYSTEMPATH\CodeIgniter.php(361): CodeIgniter\CodeIgniter->handleRequest(null, Object(Config\Cache), false)
 9 FCPATH\index.php(79): CodeIgniter\CodeIgniter->run()
10 SYSTEMPATH\Commands\Server\rewrite.php(47): require_once('C:\\xampp\\htdocs\\ci-project\\public\\index.php')
INFO - 2024-03-23 10:14:23 --> Session: Class initialized using 'CodeIgniter\Session\Handlers\FileHandler' driver.
INFO - 2024-03-23 10:17:19 --> Session: Class initialized using 'CodeIgniter\Session\Handlers\FileHandler' driver.
INFO - 2024-03-23 11:34:16 --> Session: Class initialized using 'CodeIgniter\Session\Handlers\FileHandler' driver.
CRITICAL - 2024-03-23 11:34:31 --> ErrorException: Undefined array key "user_nama"
in APPPATH\Controllers\Login.php on line 28.
 1 APPPATH\Controllers\Login.php(28): CodeIgniter\Debug\Exceptions->errorHandler(2, 'Undefined array key "user_nama"', 'C:\\xampp\\htdocs\\ci-project\\app\\Controllers\\Login.php', 28)
 2 SYSTEMPATH\CodeIgniter.php(941): App\Controllers\Login->login_action()
 3 SYSTEMPATH\CodeIgniter.php(502): CodeIgniter\CodeIgniter->runController(Object(App\Controllers\Login))
 4 SYSTEMPATH\CodeIgniter.php(361): CodeIgniter\CodeIgniter->handleRequest(null, Object(Config\Cache), false)
 5 FCPATH\index.php(79): CodeIgniter\CodeIgniter->run()
 6 SYSTEMPATH\Commands\Server\rewrite.php(47): require_once('C:\\xampp\\htdocs\\ci-project\\public\\index.php')
CRITICAL - 2024-03-23 11:56:11 --> ErrorException: Undefined global variable $_SESSION
in APPPATH\Controllers\Login.php on line 20.
 1 APPPATH\Controllers\Login.php(20): CodeIgniter\Debug\Exceptions->errorHandler(2, 'Undefined global variable $_SESSION', 'C:\\xampp\\htdocs\\ci-project\\app\\Controllers\\Login.php', 20)
 2 SYSTEMPATH\CodeIgniter.php(941): App\Controllers\Login->login_action()
 3 SYSTEMPATH\CodeIgniter.php(502): CodeIgniter\CodeIgniter->runController(Object(App\Controllers\Login))
 4 SYSTEMPATH\CodeIgniter.php(361): CodeIgniter\CodeIgniter->handleRequest(null, Object(Config\Cache), false)
 5 FCPATH\index.php(79): CodeIgniter\CodeIgniter->run()
 6 SYSTEMPATH\Commands\Server\rewrite.php(47): require_once('C:\\xampp\\htdocs\\ci-project\\public\\index.php')
CRITICAL - 2024-03-23 11:56:52 --> ArgumentCountError: Too few arguments to function App\Models\M_user::get_data(), 2 passed in C:\xampp\htdocs\ci-project\app\Controllers\Login.php on line 24 and exactly 3 expected
in APPPATH\Models\M_user.php on line 11.
 1 APPPATH\Controllers\Login.php(24): App\Models\M_user->get_data('admin@gmail.com', 'admin')
 2 SYSTEMPATH\CodeIgniter.php(941): App\Controllers\Login->login_action()
 3 SYSTEMPATH\CodeIgniter.php(502): CodeIgniter\CodeIgniter->runController(Object(App\Controllers\Login))
 4 SYSTEMPATH\CodeIgniter.php(361): CodeIgniter\CodeIgniter->handleRequest(null, Object(Config\Cache), false)
 5 FCPATH\index.php(79): CodeIgniter\CodeIgniter->run()
 6 SYSTEMPATH\Commands\Server\rewrite.php(47): require_once('C:\\xampp\\htdocs\\ci-project\\public\\index.php')
INFO - 2024-03-23 11:57:11 --> Session: Class initialized using 'CodeIgniter\Session\Handlers\FileHandler' driver.
WARNING - 2024-03-23 11:57:11 --> Session: Sessions is enabled, and one exists. Please don't $session->start();
CRITICAL - 2024-03-23 11:57:11 --> Error: Object of class CodeIgniter\Session\Session could not be converted to string
in APPPATH\Views\product_view.php on line 4.
 1 SYSTEMPATH\View\View.php(228): include()
 2 SYSTEMPATH\View\View.php(231): CodeIgniter\View\View->CodeIgniter\View\{closure}()
 3 SYSTEMPATH\Common.php(1178): CodeIgniter\View\View->render('product_view', [], true)
 4 APPPATH\Controllers\Login.php(33): view('product_view', [...])
 5 SYSTEMPATH\CodeIgniter.php(941): App\Controllers\Login->login_action()
 6 SYSTEMPATH\CodeIgniter.php(502): CodeIgniter\CodeIgniter->runController(Object(App\Controllers\Login))
 7 SYSTEMPATH\CodeIgniter.php(361): CodeIgniter\CodeIgniter->handleRequest(null, Object(Config\Cache), false)
 8 FCPATH\index.php(79): CodeIgniter\CodeIgniter->run()
 9 SYSTEMPATH\Commands\Server\rewrite.php(47): require_once('C:\\xampp\\htdocs\\ci-project\\public\\index.php')
INFO - 2024-03-23 11:57:29 --> Session: Class initialized using 'CodeIgniter\Session\Handlers\FileHandler' driver.
INFO - 2024-03-23 12:48:51 --> Session: Class initialized using 'CodeIgniter\Session\Handlers\FileHandler' driver.
INFO - 2024-03-23 12:48:52 --> Session: Class initialized using 'CodeIgniter\Session\Handlers\FileHandler' driver.
INFO - 2024-03-23 12:52:33 --> Session: Class initialized using 'CodeIgniter\Session\Handlers\FileHandler' driver.
INFO - 2024-03-23 12:52:41 --> Session: Class initialized using 'CodeIgniter\Session\Handlers\FileHandler' driver.
INFO - 2024-03-23 12:52:42 --> Session: Class initialized using 'CodeIgniter\Session\Handlers\FileHandler' driver.
INFO - 2024-03-23 12:52:50 --> Session: Class initialized using 'CodeIgniter\Session\Handlers\FileHandler' driver.
INFO - 2024-03-23 12:52:53 --> Session: Class initialized using 'CodeIgniter\Session\Handlers\FileHandler' driver.
INFO - 2024-03-23 12:52:55 --> Session: Class initialized using 'CodeIgniter\Session\Handlers\FileHandler' driver.
INFO - 2024-03-23 12:52:59 --> Session: Class initialized using 'CodeIgniter\Session\Handlers\FileHandler' driver.
INFO - 2024-03-23 13:05:35 --> Session: Class initialized using 'CodeIgniter\Session\Handlers\FileHandler' driver.
INFO - 2024-03-23 13:05:48 --> Session: Class initialized using 'CodeIgniter\Session\Handlers\FileHandler' driver.
INFO - 2024-03-23 13:06:14 --> Session: Class initialized using 'CodeIgniter\Session\Handlers\FileHandler' driver.
INFO - 2024-03-23 13:06:47 --> Session: Class initialized using 'CodeIgniter\Session\Handlers\FileHandler' driver.
INFO - 2024-03-23 13:06:48 --> Session: Class initialized using 'CodeIgniter\Session\Handlers\FileHandler' driver.
INFO - 2024-03-23 13:06:48 --> Session: Class initialized using 'CodeIgniter\Session\Handlers\FileHandler' driver.
INFO - 2024-03-23 13:06:50 --> Session: Class initialized using 'CodeIgniter\Session\Handlers\FileHandler' driver.
CRITICAL - 2024-03-23 13:06:50 --> ErrorException: Undefined array key "nama"
in APPPATH\Controllers\Login.php on line 29.
 1 APPPATH\Controllers\Login.php(29): CodeIgniter\Debug\Exceptions->errorHandler(2, 'Undefined array key "nama"', 'C:\\xampp\\htdocs\\ci-project\\app\\Controllers\\Login.php', 29)
 2 SYSTEMPATH\CodeIgniter.php(941): App\Controllers\Login->login_action()
 3 SYSTEMPATH\CodeIgniter.php(502): CodeIgniter\CodeIgniter->runController(Object(App\Controllers\Login))
 4 SYSTEMPATH\CodeIgniter.php(361): CodeIgniter\CodeIgniter->handleRequest(null, Object(Config\Cache), false)
 5 FCPATH\index.php(79): CodeIgniter\CodeIgniter->run()
 6 SYSTEMPATH\Commands\Server\rewrite.php(47): require_once('C:\\xampp\\htdocs\\ci-project\\public\\index.php')
INFO - 2024-03-23 13:07:08 --> Session: Class initialized using 'CodeIgniter\Session\Handlers\FileHandler' driver.
INFO - 2024-03-23 13:07:10 --> Session: Class initialized using 'CodeIgniter\Session\Handlers\FileHandler' driver.
INFO - 2024-03-23 13:07:11 --> Session: Class initialized using 'CodeIgniter\Session\Handlers\FileHandler' driver.
INFO - 2024-03-23 13:09:36 --> Session: Class initialized using 'CodeIgniter\Session\Handlers\FileHandler' driver.
INFO - 2024-03-23 13:09:39 --> Session: Class initialized using 'CodeIgniter\Session\Handlers\FileHandler' driver.
INFO - 2024-03-23 13:11:58 --> Session: Class initialized using 'CodeIgniter\Session\Handlers\FileHandler' driver.
INFO - 2024-03-23 13:12:02 --> Session: Class initialized using 'CodeIgniter\Session\Handlers\FileHandler' driver.
INFO - 2024-03-23 13:12:05 --> Session: Class initialized using 'CodeIgniter\Session\Handlers\FileHandler' driver.
INFO - 2024-03-23 13:12:05 --> Session: Class initialized using 'CodeIgniter\Session\Handlers\FileHandler' driver.
INFO - 2024-03-23 13:12:15 --> Session: Class initialized using 'CodeIgniter\Session\Handlers\FileHandler' driver.
INFO - 2024-03-23 13:14:35 --> Session: Class initialized using 'CodeIgniter\Session\Handlers\FileHandler' driver.
INFO - 2024-03-23 13:14:36 --> Session: Class initialized using 'CodeIgniter\Session\Handlers\FileHandler' driver.
INFO - 2024-03-23 13:14:37 --> Session: Class initialized using 'CodeIgniter\Session\Handlers\FileHandler' driver.
INFO - 2024-03-23 13:14:51 --> Session: Class initialized using 'CodeIgniter\Session\Handlers\FileHandler' driver.
INFO - 2024-03-23 13:15:32 --> Session: Class initialized using 'CodeIgniter\Session\Handlers\FileHandler' driver.
INFO - 2024-03-23 13:15:36 --> Session: Class initialized using 'CodeIgniter\Session\Handlers\FileHandler' driver.
INFO - 2024-03-23 13:17:15 --> Session: Class initialized using 'CodeIgniter\Session\Handlers\FileHandler' driver.
INFO - 2024-03-23 13:17:16 --> Session: Class initialized using 'CodeIgniter\Session\Handlers\FileHandler' driver.
INFO - 2024-03-23 14:33:54 --> Session: Class initialized using 'CodeIgniter\Session\Handlers\FileHandler' driver.
INFO - 2024-03-23 14:34:00 --> Session: Class initialized using 'CodeIgniter\Session\Handlers\FileHandler' driver.
INFO - 2024-03-23 14:36:54 --> Session: Class initialized using 'CodeIgniter\Session\Handlers\FileHandler' driver.
INFO - 2024-03-23 14:37:17 --> Session: Class initialized using 'CodeIgniter\Session\Handlers\FileHandler' driver.
INFO - 2024-03-23 14:39:22 --> Session: Class initialized using 'CodeIgniter\Session\Handlers\FileHandler' driver.
INFO - 2024-03-23 14:39:29 --> Session: Class initialized using 'CodeIgniter\Session\Handlers\FileHandler' driver.
INFO - 2024-03-23 14:39:43 --> Session: Class initialized using 'CodeIgniter\Session\Handlers\FileHandler' driver.
INFO - 2024-03-23 14:46:43 --> Session: Class initialized using 'CodeIgniter\Session\Handlers\FileHandler' driver.
ERROR - 2024-03-23 15:10:47 --> mysqli_sql_exception: Column 'nomor_daftar' cannot be null in C:\xampp\htdocs\ci-project\vendor\codeigniter4\framework\system\Database\MySQLi\Connection.php:306
Stack trace:
#0 C:\xampp\htdocs\ci-project\vendor\codeigniter4\framework\system\Database\MySQLi\Connection.php(306): mysqli->query('INSERT INTO `ku...', 0)
#1 C:\xampp\htdocs\ci-project\vendor\codeigniter4\framework\system\Database\BaseConnection.php(693): CodeIgniter\Database\MySQLi\Connection->execute('INSERT INTO `ku...')
#2 C:\xampp\htdocs\ci-project\vendor\codeigniter4\framework\system\Database\BaseConnection.php(607): CodeIgniter\Database\BaseConnection->simpleQuery('INSERT INTO `ku...')
#3 C:\xampp\htdocs\ci-project\vendor\codeigniter4\framework\system\Database\BaseBuilder.php(2307): CodeIgniter\Database\BaseConnection->query('INSERT INTO `ku...', Array, false)
#4 C:\xampp\htdocs\ci-project\app\Models\Peserta_form.php(30): CodeIgniter\Database\BaseBuilder->insert(Array)
#5 C:\xampp\htdocs\ci-project\app\Controllers\Peserta.php(30): App\Models\Peserta_form->savePeserta(Array)
#6 C:\xampp\htdocs\ci-project\vendor\codeigniter4\framework\system\CodeIgniter.php(941): App\Controllers\Peserta->savePeserta()
#7 C:\xampp\htdocs\ci-project\vendor\codeigniter4\framework\system\CodeIgniter.php(502): CodeIgniter\CodeIgniter->runController(Object(App\Controllers\Peserta))
#8 C:\xampp\htdocs\ci-project\vendor\codeigniter4\framework\system\CodeIgniter.php(361): CodeIgniter\CodeIgniter->handleRequest(NULL, Object(Config\Cache), false)
#9 C:\xampp\htdocs\ci-project\public\index.php(79): CodeIgniter\CodeIgniter->run()
#10 C:\xampp\htdocs\ci-project\vendor\codeigniter4\framework\system\Commands\Server\rewrite.php(47): require_once('C:\\xampp\\htdocs...')
#11 {main}
CRITICAL - 2024-03-23 15:10:47 --> CodeIgniter\Database\Exceptions\DatabaseException: Column 'nomor_daftar' cannot be null
in SYSTEMPATH\Database\BaseConnection.php on line 647.
 1 SYSTEMPATH\Database\BaseBuilder.php(2307): CodeIgniter\Database\BaseConnection->query('INSERT INTO `kursus` (`nomor_daftar`, `nama`, `materi`, `waktu`, `kelas`, `biaya_kursus`, `biaya_kelas`) VALUES (:nomor_daftar:, :nama:, :materi:, :waktu:, :kelas:, :biaya_kursus:, :biaya_kelas:)', [...], false)
 2 APPPATH\Models\Peserta_form.php(30): CodeIgniter\Database\BaseBuilder->insert([...])
 3 APPPATH\Controllers\Peserta.php(30): App\Models\Peserta_form->savePeserta([...])
 4 SYSTEMPATH\CodeIgniter.php(941): App\Controllers\Peserta->savePeserta()
 5 SYSTEMPATH\CodeIgniter.php(502): CodeIgniter\CodeIgniter->runController(Object(App\Controllers\Peserta))
 6 SYSTEMPATH\CodeIgniter.php(361): CodeIgniter\CodeIgniter->handleRequest(null, Object(Config\Cache), false)
 7 FCPATH\index.php(79): CodeIgniter\CodeIgniter->run()
 8 SYSTEMPATH\Commands\Server\rewrite.php(47): require_once('C:\\xampp\\htdocs\\ci-project\\public\\index.php')
CRITICAL - 2024-03-23 15:10:47 --> [Caused by] CodeIgniter\Database\Exceptions\DatabaseException: Column 'nomor_daftar' cannot be null
in SYSTEMPATH\Database\MySQLi\Connection.php on line 311.
 1 SYSTEMPATH\Database\BaseConnection.php(693): CodeIgniter\Database\MySQLi\Connection->execute('INSERT INTO `kursus` (`nomor_daftar`, `nama`, `materi`, `waktu`, `kelas`, `biaya_kursus`, `biaya_kelas`) VALUES (NULL, NULL, NULL, NULL, NULL, NULL, NULL)')
 2 SYSTEMPATH\Database\BaseConnection.php(607): CodeIgniter\Database\BaseConnection->simpleQuery('INSERT INTO `kursus` (`nomor_daftar`, `nama`, `materi`, `waktu`, `kelas`, `biaya_kursus`, `biaya_kelas`) VALUES (NULL, NULL, NULL, NULL, NULL, NULL, NULL)')
 3 SYSTEMPATH\Database\BaseBuilder.php(2307): CodeIgniter\Database\BaseConnection->query('INSERT INTO `kursus` (`nomor_daftar`, `nama`, `materi`, `waktu`, `kelas`, `biaya_kursus`, `biaya_kelas`) VALUES (:nomor_daftar:, :nama:, :materi:, :waktu:, :kelas:, :biaya_kursus:, :biaya_kelas:)', [...], false)
 4 APPPATH\Models\Peserta_form.php(30): CodeIgniter\Database\BaseBuilder->insert([...])
 5 APPPATH\Controllers\Peserta.php(30): App\Models\Peserta_form->savePeserta([...])
 6 SYSTEMPATH\CodeIgniter.php(941): App\Controllers\Peserta->savePeserta()
 7 SYSTEMPATH\CodeIgniter.php(502): CodeIgniter\CodeIgniter->runController(Object(App\Controllers\Peserta))
 8 SYSTEMPATH\CodeIgniter.php(361): CodeIgniter\CodeIgniter->handleRequest(null, Object(Config\Cache), false)
 9 FCPATH\index.php(79): CodeIgniter\CodeIgniter->run()
10 SYSTEMPATH\Commands\Server\rewrite.php(47): require_once('C:\\xampp\\htdocs\\ci-project\\public\\index.php')
CRITICAL - 2024-03-23 15:10:47 --> [Caused by] mysqli_sql_exception: Column 'nomor_daftar' cannot be null
in SYSTEMPATH\Database\MySQLi\Connection.php on line 306.
 1 SYSTEMPATH\Database\MySQLi\Connection.php(306): mysqli->query('INSERT INTO `kursus` (`nomor_daftar`, `nama`, `materi`, `waktu`, `kelas`, `biaya_kursus`, `biaya_kelas`) VALUES (NULL, NULL, NULL, NULL, NULL, NULL, NULL)', 0)
 2 SYSTEMPATH\Database\BaseConnection.php(693): CodeIgniter\Database\MySQLi\Connection->execute('INSERT INTO `kursus` (`nomor_daftar`, `nama`, `materi`, `waktu`, `kelas`, `biaya_kursus`, `biaya_kelas`) VALUES (NULL, NULL, NULL, NULL, NULL, NULL, NULL)')
 3 SYSTEMPATH\Database\BaseConnection.php(607): CodeIgniter\Database\BaseConnection->simpleQuery('INSERT INTO `kursus` (`nomor_daftar`, `nama`, `materi`, `waktu`, `kelas`, `biaya_kursus`, `biaya_kelas`) VALUES (NULL, NULL, NULL, NULL, NULL, NULL, NULL)')
 4 SYSTEMPATH\Database\BaseBuilder.php(2307): CodeIgniter\Database\BaseConnection->query('INSERT INTO `kursus` (`nomor_daftar`, `nama`, `materi`, `waktu`, `kelas`, `biaya_kursus`, `biaya_kelas`) VALUES (:nomor_daftar:, :nama:, :materi:, :waktu:, :kelas:, :biaya_kursus:, :biaya_kelas:)', [...], false)
 5 APPPATH\Models\Peserta_form.php(30): CodeIgniter\Database\BaseBuilder->insert([...])
 6 APPPATH\Controllers\Peserta.php(30): App\Models\Peserta_form->savePeserta([...])
 7 SYSTEMPATH\CodeIgniter.php(941): App\Controllers\Peserta->savePeserta()
 8 SYSTEMPATH\CodeIgniter.php(502): CodeIgniter\CodeIgniter->runController(Object(App\Controllers\Peserta))
 9 SYSTEMPATH\CodeIgniter.php(361): CodeIgniter\CodeIgniter->handleRequest(null, Object(Config\Cache), false)
10 FCPATH\index.php(79): CodeIgniter\CodeIgniter->run()
11 SYSTEMPATH\Commands\Server\rewrite.php(47): require_once('C:\\xampp\\htdocs\\ci-project\\public\\index.php')
INFO - 2024-03-23 15:11:02 --> Session: Class initialized using 'CodeIgniter\Session\Handlers\FileHandler' driver.
ERROR - 2024-03-23 15:11:21 --> mysqli_sql_exception: Column 'nomor_daftar' cannot be null in C:\xampp\htdocs\ci-project\vendor\codeigniter4\framework\system\Database\MySQLi\Connection.php:306
Stack trace:
#0 C:\xampp\htdocs\ci-project\vendor\codeigniter4\framework\system\Database\MySQLi\Connection.php(306): mysqli->query('INSERT INTO `ku...', 0)
#1 C:\xampp\htdocs\ci-project\vendor\codeigniter4\framework\system\Database\BaseConnection.php(693): CodeIgniter\Database\MySQLi\Connection->execute('INSERT INTO `ku...')
#2 C:\xampp\htdocs\ci-project\vendor\codeigniter4\framework\system\Database\BaseConnection.php(607): CodeIgniter\Database\BaseConnection->simpleQuery('INSERT INTO `ku...')
#3 C:\xampp\htdocs\ci-project\vendor\codeigniter4\framework\system\Database\BaseBuilder.php(2307): CodeIgniter\Database\BaseConnection->query('INSERT INTO `ku...', Array, false)
#4 C:\xampp\htdocs\ci-project\app\Models\Peserta_form.php(30): CodeIgniter\Database\BaseBuilder->insert(Array)
#5 C:\xampp\htdocs\ci-project\app\Controllers\Peserta.php(30): App\Models\Peserta_form->savePeserta(Array)
#6 C:\xampp\htdocs\ci-project\vendor\codeigniter4\framework\system\CodeIgniter.php(941): App\Controllers\Peserta->savePeserta()
#7 C:\xampp\htdocs\ci-project\vendor\codeigniter4\framework\system\CodeIgniter.php(502): CodeIgniter\CodeIgniter->runController(Object(App\Controllers\Peserta))
#8 C:\xampp\htdocs\ci-project\vendor\codeigniter4\framework\system\CodeIgniter.php(361): CodeIgniter\CodeIgniter->handleRequest(NULL, Object(Config\Cache), false)
#9 C:\xampp\htdocs\ci-project\public\index.php(79): CodeIgniter\CodeIgniter->run()
#10 C:\xampp\htdocs\ci-project\vendor\codeigniter4\framework\system\Commands\Server\rewrite.php(47): require_once('C:\\xampp\\htdocs...')
#11 {main}
CRITICAL - 2024-03-23 15:11:21 --> CodeIgniter\Database\Exceptions\DatabaseException: Column 'nomor_daftar' cannot be null
in SYSTEMPATH\Database\BaseConnection.php on line 647.
 1 SYSTEMPATH\Database\BaseBuilder.php(2307): CodeIgniter\Database\BaseConnection->query('INSERT INTO `kursus` (`nomor_daftar`, `nama`, `materi`, `waktu`, `kelas`, `biaya_kursus`, `biaya_kelas`) VALUES (:nomor_daftar:, :nama:, :materi:, :waktu:, :kelas:, :biaya_kursus:, :biaya_kelas:)', [...], false)
 2 APPPATH\Models\Peserta_form.php(30): CodeIgniter\Database\BaseBuilder->insert([...])
 3 APPPATH\Controllers\Peserta.php(30): App\Models\Peserta_form->savePeserta([...])
 4 SYSTEMPATH\CodeIgniter.php(941): App\Controllers\Peserta->savePeserta()
 5 SYSTEMPATH\CodeIgniter.php(502): CodeIgniter\CodeIgniter->runController(Object(App\Controllers\Peserta))
 6 SYSTEMPATH\CodeIgniter.php(361): CodeIgniter\CodeIgniter->handleRequest(null, Object(Config\Cache), false)
 7 FCPATH\index.php(79): CodeIgniter\CodeIgniter->run()
 8 SYSTEMPATH\Commands\Server\rewrite.php(47): require_once('C:\\xampp\\htdocs\\ci-project\\public\\index.php')
CRITICAL - 2024-03-23 15:11:21 --> [Caused by] CodeIgniter\Database\Exceptions\DatabaseException: Column 'nomor_daftar' cannot be null
in SYSTEMPATH\Database\MySQLi\Connection.php on line 311.
 1 SYSTEMPATH\Database\BaseConnection.php(693): CodeIgniter\Database\MySQLi\Connection->execute('INSERT INTO `kursus` (`nomor_daftar`, `nama`, `materi`, `waktu`, `kelas`, `biaya_kursus`, `biaya_kelas`) VALUES (NULL, NULL, NULL, NULL, NULL, NULL, NULL)')
 2 SYSTEMPATH\Database\BaseConnection.php(607): CodeIgniter\Database\BaseConnection->simpleQuery('INSERT INTO `kursus` (`nomor_daftar`, `nama`, `materi`, `waktu`, `kelas`, `biaya_kursus`, `biaya_kelas`) VALUES (NULL, NULL, NULL, NULL, NULL, NULL, NULL)')
 3 SYSTEMPATH\Database\BaseBuilder.php(2307): CodeIgniter\Database\BaseConnection->query('INSERT INTO `kursus` (`nomor_daftar`, `nama`, `materi`, `waktu`, `kelas`, `biaya_kursus`, `biaya_kelas`) VALUES (:nomor_daftar:, :nama:, :materi:, :waktu:, :kelas:, :biaya_kursus:, :biaya_kelas:)', [...], false)
 4 APPPATH\Models\Peserta_form.php(30): CodeIgniter\Database\BaseBuilder->insert([...])
 5 APPPATH\Controllers\Peserta.php(30): App\Models\Peserta_form->savePeserta([...])
 6 SYSTEMPATH\CodeIgniter.php(941): App\Controllers\Peserta->savePeserta()
 7 SYSTEMPATH\CodeIgniter.php(502): CodeIgniter\CodeIgniter->runController(Object(App\Controllers\Peserta))
 8 SYSTEMPATH\CodeIgniter.php(361): CodeIgniter\CodeIgniter->handleRequest(null, Object(Config\Cache), false)
 9 FCPATH\index.php(79): CodeIgniter\CodeIgniter->run()
10 SYSTEMPATH\Commands\Server\rewrite.php(47): require_once('C:\\xampp\\htdocs\\ci-project\\public\\index.php')
CRITICAL - 2024-03-23 15:11:21 --> [Caused by] mysqli_sql_exception: Column 'nomor_daftar' cannot be null
in SYSTEMPATH\Database\MySQLi\Connection.php on line 306.
 1 SYSTEMPATH\Database\MySQLi\Connection.php(306): mysqli->query('INSERT INTO `kursus` (`nomor_daftar`, `nama`, `materi`, `waktu`, `kelas`, `biaya_kursus`, `biaya_kelas`) VALUES (NULL, NULL, NULL, NULL, NULL, NULL, NULL)', 0)
 2 SYSTEMPATH\Database\BaseConnection.php(693): CodeIgniter\Database\MySQLi\Connection->execute('INSERT INTO `kursus` (`nomor_daftar`, `nama`, `materi`, `waktu`, `kelas`, `biaya_kursus`, `biaya_kelas`) VALUES (NULL, NULL, NULL, NULL, NULL, NULL, NULL)')
 3 SYSTEMPATH\Database\BaseConnection.php(607): CodeIgniter\Database\BaseConnection->simpleQuery('INSERT INTO `kursus` (`nomor_daftar`, `nama`, `materi`, `waktu`, `kelas`, `biaya_kursus`, `biaya_kelas`) VALUES (NULL, NULL, NULL, NULL, NULL, NULL, NULL)')
 4 SYSTEMPATH\Database\BaseBuilder.php(2307): CodeIgniter\Database\BaseConnection->query('INSERT INTO `kursus` (`nomor_daftar`, `nama`, `materi`, `waktu`, `kelas`, `biaya_kursus`, `biaya_kelas`) VALUES (:nomor_daftar:, :nama:, :materi:, :waktu:, :kelas:, :biaya_kursus:, :biaya_kelas:)', [...], false)
 5 APPPATH\Models\Peserta_form.php(30): CodeIgniter\Database\BaseBuilder->insert([...])
 6 APPPATH\Controllers\Peserta.php(30): App\Models\Peserta_form->savePeserta([...])
 7 SYSTEMPATH\CodeIgniter.php(941): App\Controllers\Peserta->savePeserta()
 8 SYSTEMPATH\CodeIgniter.php(502): CodeIgniter\CodeIgniter->runController(Object(App\Controllers\Peserta))
 9 SYSTEMPATH\CodeIgniter.php(361): CodeIgniter\CodeIgniter->handleRequest(null, Object(Config\Cache), false)
10 FCPATH\index.php(79): CodeIgniter\CodeIgniter->run()
11 SYSTEMPATH\Commands\Server\rewrite.php(47): require_once('C:\\xampp\\htdocs\\ci-project\\public\\index.php')
ERROR - 2024-03-23 15:13:06 --> mysqli_sql_exception: Column 'nomor_daftar' cannot be null in C:\xampp\htdocs\ci-project\vendor\codeigniter4\framework\system\Database\MySQLi\Connection.php:306
Stack trace:
#0 C:\xampp\htdocs\ci-project\vendor\codeigniter4\framework\system\Database\MySQLi\Connection.php(306): mysqli->query('INSERT INTO `ku...', 0)
#1 C:\xampp\htdocs\ci-project\vendor\codeigniter4\framework\system\Database\BaseConnection.php(693): CodeIgniter\Database\MySQLi\Connection->execute('INSERT INTO `ku...')
#2 C:\xampp\htdocs\ci-project\vendor\codeigniter4\framework\system\Database\BaseConnection.php(607): CodeIgniter\Database\BaseConnection->simpleQuery('INSERT INTO `ku...')
#3 C:\xampp\htdocs\ci-project\vendor\codeigniter4\framework\system\Database\BaseBuilder.php(2307): CodeIgniter\Database\BaseConnection->query('INSERT INTO `ku...', Array, false)
#4 C:\xampp\htdocs\ci-project\vendor\codeigniter4\framework\system\Model.php(326): CodeIgniter\Database\BaseBuilder->insert()
#5 C:\xampp\htdocs\ci-project\vendor\codeigniter4\framework\system\BaseModel.php(802): CodeIgniter\Model->doInsert(Array)
#6 C:\xampp\htdocs\ci-project\vendor\codeigniter4\framework\system\Model.php(744): CodeIgniter\BaseModel->insert(Array, false)
#7 C:\xampp\htdocs\ci-project\vendor\codeigniter4\framework\system\BaseModel.php(713): CodeIgniter\Model->insert(Array, false)
#8 C:\xampp\htdocs\ci-project\app\Controllers\Peserta.php(30): CodeIgniter\BaseModel->save(Array)
#9 C:\xampp\htdocs\ci-project\vendor\codeigniter4\framework\system\CodeIgniter.php(941): App\Controllers\Peserta->save()
#10 C:\xampp\htdocs\ci-project\vendor\codeigniter4\framework\system\CodeIgniter.php(502): CodeIgniter\CodeIgniter->runController(Object(App\Controllers\Peserta))
#11 C:\xampp\htdocs\ci-project\vendor\codeigniter4\framework\system\CodeIgniter.php(361): CodeIgniter\CodeIgniter->handleRequest(NULL, Object(Config\Cache), false)
#12 C:\xampp\htdocs\ci-project\public\index.php(79): CodeIgniter\CodeIgniter->run()
#13 C:\xampp\htdocs\ci-project\vendor\codeigniter4\framework\system\Commands\Server\rewrite.php(47): require_once('C:\\xampp\\htdocs...')
#14 {main}
CRITICAL - 2024-03-23 15:13:06 --> CodeIgniter\Database\Exceptions\DatabaseException: Column 'nomor_daftar' cannot be null
in SYSTEMPATH\Database\BaseConnection.php on line 647.
 1 SYSTEMPATH\Database\BaseBuilder.php(2307): CodeIgniter\Database\BaseConnection->query('INSERT INTO `kursus` (`nomor_daftar`, `nama`, `materi`, `waktu`, `kelas`, `biaya_kursus`, `biaya_kelas`) VALUES (:nomor_daftar:, :nama:, :materi:, :waktu:, :kelas:, :biaya_kursus:, :biaya_kelas:)', [...], false)
 2 SYSTEMPATH\Model.php(326): CodeIgniter\Database\BaseBuilder->insert()
 3 SYSTEMPATH\BaseModel.php(802): CodeIgniter\Model->doInsert([...])
 4 SYSTEMPATH\Model.php(744): CodeIgniter\BaseModel->insert([...], false)
 5 SYSTEMPATH\BaseModel.php(713): CodeIgniter\Model->insert([...], false)
 6 APPPATH\Controllers\Peserta.php(30): CodeIgniter\BaseModel->save([...])
 7 SYSTEMPATH\CodeIgniter.php(941): App\Controllers\Peserta->save()
 8 SYSTEMPATH\CodeIgniter.php(502): CodeIgniter\CodeIgniter->runController(Object(App\Controllers\Peserta))
 9 SYSTEMPATH\CodeIgniter.php(361): CodeIgniter\CodeIgniter->handleRequest(null, Object(Config\Cache), false)
10 FCPATH\index.php(79): CodeIgniter\CodeIgniter->run()
11 SYSTEMPATH\Commands\Server\rewrite.php(47): require_once('C:\\xampp\\htdocs\\ci-project\\public\\index.php')
CRITICAL - 2024-03-23 15:13:06 --> [Caused by] CodeIgniter\Database\Exceptions\DatabaseException: Column 'nomor_daftar' cannot be null
in SYSTEMPATH\Database\MySQLi\Connection.php on line 311.
 1 SYSTEMPATH\Database\BaseConnection.php(693): CodeIgniter\Database\MySQLi\Connection->execute('INSERT INTO `kursus` (`nomor_daftar`, `nama`, `materi`, `waktu`, `kelas`, `biaya_kursus`, `biaya_kelas`) VALUES (NULL, NULL, NULL, NULL, NULL, NULL, NULL)')
 2 SYSTEMPATH\Database\BaseConnection.php(607): CodeIgniter\Database\BaseConnection->simpleQuery('INSERT INTO `kursus` (`nomor_daftar`, `nama`, `materi`, `waktu`, `kelas`, `biaya_kursus`, `biaya_kelas`) VALUES (NULL, NULL, NULL, NULL, NULL, NULL, NULL)')
 3 SYSTEMPATH\Database\BaseBuilder.php(2307): CodeIgniter\Database\BaseConnection->query('INSERT INTO `kursus` (`nomor_daftar`, `nama`, `materi`, `waktu`, `kelas`, `biaya_kursus`, `biaya_kelas`) VALUES (:nomor_daftar:, :nama:, :materi:, :waktu:, :kelas:, :biaya_kursus:, :biaya_kelas:)', [...], false)
 4 SYSTEMPATH\Model.php(326): CodeIgniter\Database\BaseBuilder->insert()
 5 SYSTEMPATH\BaseModel.php(802): CodeIgniter\Model->doInsert([...])
 6 SYSTEMPATH\Model.php(744): CodeIgniter\BaseModel->insert([...], false)
 7 SYSTEMPATH\BaseModel.php(713): CodeIgniter\Model->insert([...], false)
 8 APPPATH\Controllers\Peserta.php(30): CodeIgniter\BaseModel->save([...])
 9 SYSTEMPATH\CodeIgniter.php(941): App\Controllers\Peserta->save()
10 SYSTEMPATH\CodeIgniter.php(502): CodeIgniter\CodeIgniter->runController(Object(App\Controllers\Peserta))
11 SYSTEMPATH\CodeIgniter.php(361): CodeIgniter\CodeIgniter->handleRequest(null, Object(Config\Cache), false)
12 FCPATH\index.php(79): CodeIgniter\CodeIgniter->run()
13 SYSTEMPATH\Commands\Server\rewrite.php(47): require_once('C:\\xampp\\htdocs\\ci-project\\public\\index.php')
CRITICAL - 2024-03-23 15:13:06 --> [Caused by] mysqli_sql_exception: Column 'nomor_daftar' cannot be null
in SYSTEMPATH\Database\MySQLi\Connection.php on line 306.
 1 SYSTEMPATH\Database\MySQLi\Connection.php(306): mysqli->query('INSERT INTO `kursus` (`nomor_daftar`, `nama`, `materi`, `waktu`, `kelas`, `biaya_kursus`, `biaya_kelas`) VALUES (NULL, NULL, NULL, NULL, NULL, NULL, NULL)', 0)
 2 SYSTEMPATH\Database\BaseConnection.php(693): CodeIgniter\Database\MySQLi\Connection->execute('INSERT INTO `kursus` (`nomor_daftar`, `nama`, `materi`, `waktu`, `kelas`, `biaya_kursus`, `biaya_kelas`) VALUES (NULL, NULL, NULL, NULL, NULL, NULL, NULL)')
 3 SYSTEMPATH\Database\BaseConnection.php(607): CodeIgniter\Database\BaseConnection->simpleQuery('INSERT INTO `kursus` (`nomor_daftar`, `nama`, `materi`, `waktu`, `kelas`, `biaya_kursus`, `biaya_kelas`) VALUES (NULL, NULL, NULL, NULL, NULL, NULL, NULL)')
 4 SYSTEMPATH\Database\BaseBuilder.php(2307): CodeIgniter\Database\BaseConnection->query('INSERT INTO `kursus` (`nomor_daftar`, `nama`, `materi`, `waktu`, `kelas`, `biaya_kursus`, `biaya_kelas`) VALUES (:nomor_daftar:, :nama:, :materi:, :waktu:, :kelas:, :biaya_kursus:, :biaya_kelas:)', [...], false)
 5 SYSTEMPATH\Model.php(326): CodeIgniter\Database\BaseBuilder->insert()
 6 SYSTEMPATH\BaseModel.php(802): CodeIgniter\Model->doInsert([...])
 7 SYSTEMPATH\Model.php(744): CodeIgniter\BaseModel->insert([...], false)
 8 SYSTEMPATH\BaseModel.php(713): CodeIgniter\Model->insert([...], false)
 9 APPPATH\Controllers\Peserta.php(30): CodeIgniter\BaseModel->save([...])
10 SYSTEMPATH\CodeIgniter.php(941): App\Controllers\Peserta->save()
11 SYSTEMPATH\CodeIgniter.php(502): CodeIgniter\CodeIgniter->runController(Object(App\Controllers\Peserta))
12 SYSTEMPATH\CodeIgniter.php(361): CodeIgniter\CodeIgniter->handleRequest(null, Object(Config\Cache), false)
13 FCPATH\index.php(79): CodeIgniter\CodeIgniter->run()
14 SYSTEMPATH\Commands\Server\rewrite.php(47): require_once('C:\\xampp\\htdocs\\ci-project\\public\\index.php')
INFO - 2024-03-23 15:17:17 --> Session: Class initialized using 'CodeIgniter\Session\Handlers\FileHandler' driver.
INFO - 2024-03-23 15:17:17 --> Session: Class initialized using 'CodeIgniter\Session\Handlers\FileHandler' driver.
INFO - 2024-03-23 15:17:43 --> Session: Class initialized using 'CodeIgniter\Session\Handlers\FileHandler' driver.
INFO - 2024-03-23 15:17:44 --> Session: Class initialized using 'CodeIgniter\Session\Handlers\FileHandler' driver.
ERROR - 2024-03-23 15:24:21 --> mysqli_sql_exception: Column 'nomor_daftar' cannot be null in C:\xampp\htdocs\ci-project\vendor\codeigniter4\framework\system\Database\MySQLi\Connection.php:306
Stack trace:
#0 C:\xampp\htdocs\ci-project\vendor\codeigniter4\framework\system\Database\MySQLi\Connection.php(306): mysqli->query('INSERT INTO `ku...', 0)
#1 C:\xampp\htdocs\ci-project\vendor\codeigniter4\framework\system\Database\BaseConnection.php(693): CodeIgniter\Database\MySQLi\Connection->execute('INSERT INTO `ku...')
#2 C:\xampp\htdocs\ci-project\vendor\codeigniter4\framework\system\Database\BaseConnection.php(607): CodeIgniter\Database\BaseConnection->simpleQuery('INSERT INTO `ku...')
#3 C:\xampp\htdocs\ci-project\vendor\codeigniter4\framework\system\Database\BaseBuilder.php(2307): CodeIgniter\Database\BaseConnection->query('INSERT INTO `ku...', Array, false)
#4 C:\xampp\htdocs\ci-project\vendor\codeigniter4\framework\system\Model.php(326): CodeIgniter\Database\BaseBuilder->insert()
#5 C:\xampp\htdocs\ci-project\vendor\codeigniter4\framework\system\BaseModel.php(802): CodeIgniter\Model->doInsert(Array)
#6 C:\xampp\htdocs\ci-project\vendor\codeigniter4\framework\system\Model.php(744): CodeIgniter\BaseModel->insert(Array, true)
#7 C:\xampp\htdocs\ci-project\app\Controllers\Peserta.php(24): CodeIgniter\Model->insert(Array)
#8 C:\xampp\htdocs\ci-project\vendor\codeigniter4\framework\system\CodeIgniter.php(941): App\Controllers\Peserta->save()
#9 C:\xampp\htdocs\ci-project\vendor\codeigniter4\framework\system\CodeIgniter.php(502): CodeIgniter\CodeIgniter->runController(Object(App\Controllers\Peserta))
#10 C:\xampp\htdocs\ci-project\vendor\codeigniter4\framework\system\CodeIgniter.php(361): CodeIgniter\CodeIgniter->handleRequest(NULL, Object(Config\Cache), false)
#11 C:\xampp\htdocs\ci-project\public\index.php(79): CodeIgniter\CodeIgniter->run()
#12 C:\xampp\htdocs\ci-project\vendor\codeigniter4\framework\system\Commands\Server\rewrite.php(47): require_once('C:\\xampp\\htdocs...')
#13 {main}
CRITICAL - 2024-03-23 15:24:21 --> CodeIgniter\Database\Exceptions\DatabaseException: Column 'nomor_daftar' cannot be null
in SYSTEMPATH\Database\BaseConnection.php on line 647.
 1 SYSTEMPATH\Database\BaseBuilder.php(2307): CodeIgniter\Database\BaseConnection->query('INSERT INTO `kursus` (`nomor_daftar`, `nama`, `materi`, `waktu`, `kelas`, `biaya_kursus`, `biaya_kelas`, `total`) VALUES (:nomor_daftar:, :nama:, :materi:, :waktu:, :kelas:, :biaya_kursus:, :biaya_kelas:, :total:)', [...], false)
 2 SYSTEMPATH\Model.php(326): CodeIgniter\Database\BaseBuilder->insert()
 3 SYSTEMPATH\BaseModel.php(802): CodeIgniter\Model->doInsert([...])
 4 SYSTEMPATH\Model.php(744): CodeIgniter\BaseModel->insert([...], true)
 5 APPPATH\Controllers\Peserta.php(24): CodeIgniter\Model->insert([...])
 6 SYSTEMPATH\CodeIgniter.php(941): App\Controllers\Peserta->save()
 7 SYSTEMPATH\CodeIgniter.php(502): CodeIgniter\CodeIgniter->runController(Object(App\Controllers\Peserta))
 8 SYSTEMPATH\CodeIgniter.php(361): CodeIgniter\CodeIgniter->handleRequest(null, Object(Config\Cache), false)
 9 FCPATH\index.php(79): CodeIgniter\CodeIgniter->run()
10 SYSTEMPATH\Commands\Server\rewrite.php(47): require_once('C:\\xampp\\htdocs\\ci-project\\public\\index.php')
CRITICAL - 2024-03-23 15:24:21 --> [Caused by] CodeIgniter\Database\Exceptions\DatabaseException: Column 'nomor_daftar' cannot be null
in SYSTEMPATH\Database\MySQLi\Connection.php on line 311.
 1 SYSTEMPATH\Database\BaseConnection.php(693): CodeIgniter\Database\MySQLi\Connection->execute('INSERT INTO `kursus` (`nomor_daftar`, `nama`, `materi`, `waktu`, `kelas`, `biaya_kursus`, `biaya_kelas`, `total`) VALUES (NULL, NULL, NULL, NULL, NULL, NULL, NULL, NULL)')
 2 SYSTEMPATH\Database\BaseConnection.php(607): CodeIgniter\Database\BaseConnection->simpleQuery('INSERT INTO `kursus` (`nomor_daftar`, `nama`, `materi`, `waktu`, `kelas`, `biaya_kursus`, `biaya_kelas`, `total`) VALUES (NULL, NULL, NULL, NULL, NULL, NULL, NULL, NULL)')
 3 SYSTEMPATH\Database\BaseBuilder.php(2307): CodeIgniter\Database\BaseConnection->query('INSERT INTO `kursus` (`nomor_daftar`, `nama`, `materi`, `waktu`, `kelas`, `biaya_kursus`, `biaya_kelas`, `total`) VALUES (:nomor_daftar:, :nama:, :materi:, :waktu:, :kelas:, :biaya_kursus:, :biaya_kelas:, :total:)', [...], false)
 4 SYSTEMPATH\Model.php(326): CodeIgniter\Database\BaseBuilder->insert()
 5 SYSTEMPATH\BaseModel.php(802): CodeIgniter\Model->doInsert([...])
 6 SYSTEMPATH\Model.php(744): CodeIgniter\BaseModel->insert([...], true)
 7 APPPATH\Controllers\Peserta.php(24): CodeIgniter\Model->insert([...])
 8 SYSTEMPATH\CodeIgniter.php(941): App\Controllers\Peserta->save()
 9 SYSTEMPATH\CodeIgniter.php(502): CodeIgniter\CodeIgniter->runController(Object(App\Controllers\Peserta))
10 SYSTEMPATH\CodeIgniter.php(361): CodeIgniter\CodeIgniter->handleRequest(null, Object(Config\Cache), false)
11 FCPATH\index.php(79): CodeIgniter\CodeIgniter->run()
12 SYSTEMPATH\Commands\Server\rewrite.php(47): require_once('C:\\xampp\\htdocs\\ci-project\\public\\index.php')
CRITICAL - 2024-03-23 15:24:21 --> [Caused by] mysqli_sql_exception: Column 'nomor_daftar' cannot be null
in SYSTEMPATH\Database\MySQLi\Connection.php on line 306.
 1 SYSTEMPATH\Database\MySQLi\Connection.php(306): mysqli->query('INSERT INTO `kursus` (`nomor_daftar`, `nama`, `materi`, `waktu`, `kelas`, `biaya_kursus`, `biaya_kelas`, `total`) VALUES (NULL, NULL, NULL, NULL, NULL, NULL, NULL, NULL)', 0)
 2 SYSTEMPATH\Database\BaseConnection.php(693): CodeIgniter\Database\MySQLi\Connection->execute('INSERT INTO `kursus` (`nomor_daftar`, `nama`, `materi`, `waktu`, `kelas`, `biaya_kursus`, `biaya_kelas`, `total`) VALUES (NULL, NULL, NULL, NULL, NULL, NULL, NULL, NULL)')
 3 SYSTEMPATH\Database\BaseConnection.php(607): CodeIgniter\Database\BaseConnection->simpleQuery('INSERT INTO `kursus` (`nomor_daftar`, `nama`, `materi`, `waktu`, `kelas`, `biaya_kursus`, `biaya_kelas`, `total`) VALUES (NULL, NULL, NULL, NULL, NULL, NULL, NULL, NULL)')
 4 SYSTEMPATH\Database\BaseBuilder.php(2307): CodeIgniter\Database\BaseConnection->query('INSERT INTO `kursus` (`nomor_daftar`, `nama`, `materi`, `waktu`, `kelas`, `biaya_kursus`, `biaya_kelas`, `total`) VALUES (:nomor_daftar:, :nama:, :materi:, :waktu:, :kelas:, :biaya_kursus:, :biaya_kelas:, :total:)', [...], false)
 5 SYSTEMPATH\Model.php(326): CodeIgniter\Database\BaseBuilder->insert()
 6 SYSTEMPATH\BaseModel.php(802): CodeIgniter\Model->doInsert([...])
 7 SYSTEMPATH\Model.php(744): CodeIgniter\BaseModel->insert([...], true)
 8 APPPATH\Controllers\Peserta.php(24): CodeIgniter\Model->insert([...])
 9 SYSTEMPATH\CodeIgniter.php(941): App\Controllers\Peserta->save()
10 SYSTEMPATH\CodeIgniter.php(502): CodeIgniter\CodeIgniter->runController(Object(App\Controllers\Peserta))
11 SYSTEMPATH\CodeIgniter.php(361): CodeIgniter\CodeIgniter->handleRequest(null, Object(Config\Cache), false)
12 FCPATH\index.php(79): CodeIgniter\CodeIgniter->run()
13 SYSTEMPATH\Commands\Server\rewrite.php(47): require_once('C:\\xampp\\htdocs\\ci-project\\public\\index.php')
INFO - 2024-03-23 15:25:21 --> Session: Class initialized using 'CodeIgniter\Session\Handlers\FileHandler' driver.
INFO - 2024-03-23 15:26:48 --> Session: Class initialized using 'CodeIgniter\Session\Handlers\FileHandler' driver.
INFO - 2024-03-23 15:28:15 --> Session: Class initialized using 'CodeIgniter\Session\Handlers\FileHandler' driver.
CRITICAL - 2024-03-23 15:32:10 --> ErrorException: Undefined variable $nomorDaftar
in APPPATH\Views\peserta_form.php on line 24.
 1 APPPATH\Views\peserta_form.php(24): CodeIgniter\Debug\Exceptions->errorHandler(2, 'Undefined variable $nomorDaftar', 'C:\\xampp\\htdocs\\ci-project\\app\\Views\\peserta_form.php', 24)
 2 SYSTEMPATH\View\View.php(228): include('C:\\xampp\\htdocs\\ci-project\\app\\Views\\peserta_form.php')
 3 SYSTEMPATH\View\View.php(231): CodeIgniter\View\View->CodeIgniter\View\{closure}()
 4 SYSTEMPATH\Common.php(1178): CodeIgniter\View\View->render('peserta_form', [], true)
 5 APPPATH\Controllers\Peserta.php(26): view('peserta_form')
 6 SYSTEMPATH\CodeIgniter.php(941): App\Controllers\Peserta->save()
 7 SYSTEMPATH\CodeIgniter.php(502): CodeIgniter\CodeIgniter->runController(Object(App\Controllers\Peserta))
 8 SYSTEMPATH\CodeIgniter.php(361): CodeIgniter\CodeIgniter->handleRequest(null, Object(Config\Cache), false)
 9 FCPATH\index.php(79): CodeIgniter\CodeIgniter->run()
10 SYSTEMPATH\Commands\Server\rewrite.php(47): require_once('C:\\xampp\\htdocs\\ci-project\\public\\index.php')
INFO - 2024-03-23 15:38:29 --> Session: Class initialized using 'CodeIgniter\Session\Handlers\FileHandler' driver.
CRITICAL - 2024-03-23 15:38:33 --> ErrorException: Undefined variable $nomorDaftar
in APPPATH\Views\peserta_form.php on line 24.
 1 APPPATH\Views\peserta_form.php(24): CodeIgniter\Debug\Exceptions->errorHandler(2, 'Undefined variable $nomorDaftar', 'C:\\xampp\\htdocs\\ci-project\\app\\Views\\peserta_form.php', 24)
 2 SYSTEMPATH\View\View.php(228): include('C:\\xampp\\htdocs\\ci-project\\app\\Views\\peserta_form.php')
 3 SYSTEMPATH\View\View.php(231): CodeIgniter\View\View->CodeIgniter\View\{closure}()
 4 SYSTEMPATH\Common.php(1178): CodeIgniter\View\View->render('peserta_form', [], true)
 5 APPPATH\Controllers\Login.php(37): view('peserta_form')
 6 SYSTEMPATH\CodeIgniter.php(941): App\Controllers\Login->login_action()
 7 SYSTEMPATH\CodeIgniter.php(502): CodeIgniter\CodeIgniter->runController(Object(App\Controllers\Login))
 8 SYSTEMPATH\CodeIgniter.php(361): CodeIgniter\CodeIgniter->handleRequest(null, Object(Config\Cache), false)
 9 FCPATH\index.php(79): CodeIgniter\CodeIgniter->run()
10 SYSTEMPATH\Commands\Server\rewrite.php(47): require_once('C:\\xampp\\htdocs\\ci-project\\public\\index.php')
CRITICAL - 2024-03-23 15:40:00 --> ErrorException: Undefined variable $nomorDaftar
in APPPATH\Views\peserta_form.php on line 24.
 1 APPPATH\Views\peserta_form.php(24): CodeIgniter\Debug\Exceptions->errorHandler(2, 'Undefined variable $nomorDaftar', 'C:\\xampp\\htdocs\\ci-project\\app\\Views\\peserta_form.php', 24)
 2 SYSTEMPATH\View\View.php(228): include('C:\\xampp\\htdocs\\ci-project\\app\\Views\\peserta_form.php')
 3 SYSTEMPATH\View\View.php(231): CodeIgniter\View\View->CodeIgniter\View\{closure}()
 4 SYSTEMPATH\Common.php(1178): CodeIgniter\View\View->render('peserta_form', [], true)
 5 APPPATH\Controllers\Login.php(37): view('peserta_form')
 6 SYSTEMPATH\CodeIgniter.php(941): App\Controllers\Login->login_action()
 7 SYSTEMPATH\CodeIgniter.php(502): CodeIgniter\CodeIgniter->runController(Object(App\Controllers\Login))
 8 SYSTEMPATH\CodeIgniter.php(361): CodeIgniter\CodeIgniter->handleRequest(null, Object(Config\Cache), false)
 9 FCPATH\index.php(79): CodeIgniter\CodeIgniter->run()
10 SYSTEMPATH\Commands\Server\rewrite.php(47): require_once('C:\\xampp\\htdocs\\ci-project\\public\\index.php')
INFO - 2024-03-23 15:40:05 --> Session: Class initialized using 'CodeIgniter\Session\Handlers\FileHandler' driver.
CRITICAL - 2024-03-23 15:40:08 --> ErrorException: Undefined variable $nomorDaftar
in APPPATH\Views\peserta_form.php on line 24.
 1 APPPATH\Views\peserta_form.php(24): CodeIgniter\Debug\Exceptions->errorHandler(2, 'Undefined variable $nomorDaftar', 'C:\\xampp\\htdocs\\ci-project\\app\\Views\\peserta_form.php', 24)
 2 SYSTEMPATH\View\View.php(228): include('C:\\xampp\\htdocs\\ci-project\\app\\Views\\peserta_form.php')
 3 SYSTEMPATH\View\View.php(231): CodeIgniter\View\View->CodeIgniter\View\{closure}()
 4 SYSTEMPATH\Common.php(1178): CodeIgniter\View\View->render('peserta_form', [], true)
 5 APPPATH\Controllers\Login.php(37): view('peserta_form')
 6 SYSTEMPATH\CodeIgniter.php(941): App\Controllers\Login->login_action()
 7 SYSTEMPATH\CodeIgniter.php(502): CodeIgniter\CodeIgniter->runController(Object(App\Controllers\Login))
 8 SYSTEMPATH\CodeIgniter.php(361): CodeIgniter\CodeIgniter->handleRequest(null, Object(Config\Cache), false)
 9 FCPATH\index.php(79): CodeIgniter\CodeIgniter->run()
10 SYSTEMPATH\Commands\Server\rewrite.php(47): require_once('C:\\xampp\\htdocs\\ci-project\\public\\index.php')
CRITICAL - 2024-03-23 15:45:15 --> ErrorException: Undefined variable $nomorDaftar
in APPPATH\Views\peserta_form.php on line 24.
 1 APPPATH\Views\peserta_form.php(24): CodeIgniter\Debug\Exceptions->errorHandler(2, 'Undefined variable $nomorDaftar', 'C:\\xampp\\htdocs\\ci-project\\app\\Views\\peserta_form.php', 24)
 2 SYSTEMPATH\View\View.php(228): include('C:\\xampp\\htdocs\\ci-project\\app\\Views\\peserta_form.php')
 3 SYSTEMPATH\View\View.php(231): CodeIgniter\View\View->CodeIgniter\View\{closure}()
 4 SYSTEMPATH\Common.php(1178): CodeIgniter\View\View->render('peserta_form', [], true)
 5 APPPATH\Controllers\Login.php(37): view('peserta_form')
 6 SYSTEMPATH\CodeIgniter.php(941): App\Controllers\Login->login_action()
 7 SYSTEMPATH\CodeIgniter.php(502): CodeIgniter\CodeIgniter->runController(Object(App\Controllers\Login))
 8 SYSTEMPATH\CodeIgniter.php(361): CodeIgniter\CodeIgniter->handleRequest(null, Object(Config\Cache), false)
 9 FCPATH\index.php(79): CodeIgniter\CodeIgniter->run()
10 SYSTEMPATH\Commands\Server\rewrite.php(47): require_once('C:\\xampp\\htdocs\\ci-project\\public\\index.php')
CRITICAL - 2024-03-23 15:45:36 --> ErrorException: Undefined variable $nomorDaftar
in APPPATH\Views\peserta_form.php on line 24.
 1 APPPATH\Views\peserta_form.php(24): CodeIgniter\Debug\Exceptions->errorHandler(2, 'Undefined variable $nomorDaftar', 'C:\\xampp\\htdocs\\ci-project\\app\\Views\\peserta_form.php', 24)
 2 SYSTEMPATH\View\View.php(228): include('C:\\xampp\\htdocs\\ci-project\\app\\Views\\peserta_form.php')
 3 SYSTEMPATH\View\View.php(231): CodeIgniter\View\View->CodeIgniter\View\{closure}()
 4 SYSTEMPATH\Common.php(1178): CodeIgniter\View\View->render('peserta_form', [], true)
 5 APPPATH\Controllers\Login.php(37): view('peserta_form')
 6 SYSTEMPATH\CodeIgniter.php(941): App\Controllers\Login->login_action()
 7 SYSTEMPATH\CodeIgniter.php(502): CodeIgniter\CodeIgniter->runController(Object(App\Controllers\Login))
 8 SYSTEMPATH\CodeIgniter.php(361): CodeIgniter\CodeIgniter->handleRequest(null, Object(Config\Cache), false)
 9 FCPATH\index.php(79): CodeIgniter\CodeIgniter->run()
10 SYSTEMPATH\Commands\Server\rewrite.php(47): require_once('C:\\xampp\\htdocs\\ci-project\\public\\index.php')
CRITICAL - 2024-03-23 15:45:38 --> ErrorException: Undefined variable $nomorDaftar
in APPPATH\Views\peserta_form.php on line 24.
 1 APPPATH\Views\peserta_form.php(24): CodeIgniter\Debug\Exceptions->errorHandler(2, 'Undefined variable $nomorDaftar', 'C:\\xampp\\htdocs\\ci-project\\app\\Views\\peserta_form.php', 24)
 2 SYSTEMPATH\View\View.php(228): include('C:\\xampp\\htdocs\\ci-project\\app\\Views\\peserta_form.php')
 3 SYSTEMPATH\View\View.php(231): CodeIgniter\View\View->CodeIgniter\View\{closure}()
 4 SYSTEMPATH\Common.php(1178): CodeIgniter\View\View->render('peserta_form', [], true)
 5 APPPATH\Controllers\Login.php(37): view('peserta_form')
 6 SYSTEMPATH\CodeIgniter.php(941): App\Controllers\Login->login_action()
 7 SYSTEMPATH\CodeIgniter.php(502): CodeIgniter\CodeIgniter->runController(Object(App\Controllers\Login))
 8 SYSTEMPATH\CodeIgniter.php(361): CodeIgniter\CodeIgniter->handleRequest(null, Object(Config\Cache), false)
 9 FCPATH\index.php(79): CodeIgniter\CodeIgniter->run()
10 SYSTEMPATH\Commands\Server\rewrite.php(47): require_once('C:\\xampp\\htdocs\\ci-project\\public\\index.php')
CRITICAL - 2024-03-23 15:45:56 --> ErrorException: Undefined variable $nomorDaftar
in APPPATH\Views\peserta_form.php on line 24.
 1 APPPATH\Views\peserta_form.php(24): CodeIgniter\Debug\Exceptions->errorHandler(2, 'Undefined variable $nomorDaftar', 'C:\\xampp\\htdocs\\ci-project\\app\\Views\\peserta_form.php', 24)
 2 SYSTEMPATH\View\View.php(228): include('C:\\xampp\\htdocs\\ci-project\\app\\Views\\peserta_form.php')
 3 SYSTEMPATH\View\View.php(231): CodeIgniter\View\View->CodeIgniter\View\{closure}()
 4 SYSTEMPATH\Common.php(1178): CodeIgniter\View\View->render('peserta_form', [], true)
 5 APPPATH\Controllers\Login.php(37): view('peserta_form')
 6 SYSTEMPATH\CodeIgniter.php(941): App\Controllers\Login->login_action()
 7 SYSTEMPATH\CodeIgniter.php(502): CodeIgniter\CodeIgniter->runController(Object(App\Controllers\Login))
 8 SYSTEMPATH\CodeIgniter.php(361): CodeIgniter\CodeIgniter->handleRequest(null, Object(Config\Cache), false)
 9 FCPATH\index.php(79): CodeIgniter\CodeIgniter->run()
10 SYSTEMPATH\Commands\Server\rewrite.php(47): require_once('C:\\xampp\\htdocs\\ci-project\\public\\index.php')
CRITICAL - 2024-03-23 15:46:23 --> ErrorException: Undefined variable $nomorDaftar
in APPPATH\Views\peserta_form.php on line 24.
 1 APPPATH\Views\peserta_form.php(24): CodeIgniter\Debug\Exceptions->errorHandler(2, 'Undefined variable $nomorDaftar', 'C:\\xampp\\htdocs\\ci-project\\app\\Views\\peserta_form.php', 24)
 2 SYSTEMPATH\View\View.php(228): include('C:\\xampp\\htdocs\\ci-project\\app\\Views\\peserta_form.php')
 3 SYSTEMPATH\View\View.php(231): CodeIgniter\View\View->CodeIgniter\View\{closure}()
 4 SYSTEMPATH\Common.php(1178): CodeIgniter\View\View->render('peserta_form', [], true)
 5 APPPATH\Controllers\Login.php(37): view('peserta_form')
 6 SYSTEMPATH\CodeIgniter.php(941): App\Controllers\Login->login_action()
 7 SYSTEMPATH\CodeIgniter.php(502): CodeIgniter\CodeIgniter->runController(Object(App\Controllers\Login))
 8 SYSTEMPATH\CodeIgniter.php(361): CodeIgniter\CodeIgniter->handleRequest(null, Object(Config\Cache), false)
 9 FCPATH\index.php(79): CodeIgniter\CodeIgniter->run()
10 SYSTEMPATH\Commands\Server\rewrite.php(47): require_once('C:\\xampp\\htdocs\\ci-project\\public\\index.php')
INFO - 2024-03-23 15:46:24 --> Session: Class initialized using 'CodeIgniter\Session\Handlers\FileHandler' driver.
INFO - 2024-03-23 15:46:25 --> Session: Class initialized using 'CodeIgniter\Session\Handlers\FileHandler' driver.
INFO - 2024-03-23 15:46:28 --> Session: Class initialized using 'CodeIgniter\Session\Handlers\FileHandler' driver.
INFO - 2024-03-23 15:46:28 --> Session: Class initialized using 'CodeIgniter\Session\Handlers\FileHandler' driver.
INFO - 2024-03-23 15:46:33 --> Session: Class initialized using 'CodeIgniter\Session\Handlers\FileHandler' driver.
INFO - 2024-03-23 15:46:36 --> Session: Class initialized using 'CodeIgniter\Session\Handlers\FileHandler' driver.
CRITICAL - 2024-03-23 15:46:41 --> ErrorException: Undefined variable $nomorDaftar
in APPPATH\Views\peserta_form.php on line 24.
 1 APPPATH\Views\peserta_form.php(24): CodeIgniter\Debug\Exceptions->errorHandler(2, 'Undefined variable $nomorDaftar', 'C:\\xampp\\htdocs\\ci-project\\app\\Views\\peserta_form.php', 24)
 2 SYSTEMPATH\View\View.php(228): include('C:\\xampp\\htdocs\\ci-project\\app\\Views\\peserta_form.php')
 3 SYSTEMPATH\View\View.php(231): CodeIgniter\View\View->CodeIgniter\View\{closure}()
 4 SYSTEMPATH\Common.php(1178): CodeIgniter\View\View->render('peserta_form', [], true)
 5 APPPATH\Controllers\Login.php(37): view('peserta_form')
 6 SYSTEMPATH\CodeIgniter.php(941): App\Controllers\Login->login_action()
 7 SYSTEMPATH\CodeIgniter.php(502): CodeIgniter\CodeIgniter->runController(Object(App\Controllers\Login))
 8 SYSTEMPATH\CodeIgniter.php(361): CodeIgniter\CodeIgniter->handleRequest(null, Object(Config\Cache), false)
 9 FCPATH\index.php(79): CodeIgniter\CodeIgniter->run()
10 SYSTEMPATH\Commands\Server\rewrite.php(47): require_once('C:\\xampp\\htdocs\\ci-project\\public\\index.php')
CRITICAL - 2024-03-23 15:47:17 --> ErrorException: Undefined variable $nomorDaftar
in APPPATH\Views\peserta_form.php on line 24.
 1 APPPATH\Views\peserta_form.php(24): CodeIgniter\Debug\Exceptions->errorHandler(2, 'Undefined variable $nomorDaftar', 'C:\\xampp\\htdocs\\ci-project\\app\\Views\\peserta_form.php', 24)
 2 SYSTEMPATH\View\View.php(228): include('C:\\xampp\\htdocs\\ci-project\\app\\Views\\peserta_form.php')
 3 SYSTEMPATH\View\View.php(231): CodeIgniter\View\View->CodeIgniter\View\{closure}()
 4 SYSTEMPATH\Common.php(1178): CodeIgniter\View\View->render('peserta_form', [], true)
 5 APPPATH\Controllers\Login.php(37): view('peserta_form')
 6 SYSTEMPATH\CodeIgniter.php(941): App\Controllers\Login->login_action()
 7 SYSTEMPATH\CodeIgniter.php(502): CodeIgniter\CodeIgniter->runController(Object(App\Controllers\Login))
 8 SYSTEMPATH\CodeIgniter.php(361): CodeIgniter\CodeIgniter->handleRequest(null, Object(Config\Cache), false)
 9 FCPATH\index.php(79): CodeIgniter\CodeIgniter->run()
10 SYSTEMPATH\Commands\Server\rewrite.php(47): require_once('C:\\xampp\\htdocs\\ci-project\\public\\index.php')
CRITICAL - 2024-03-23 15:50:38 --> ErrorException: Undefined variable $nomorDaftar
in APPPATH\Views\peserta_form.php on line 24.
 1 APPPATH\Views\peserta_form.php(24): CodeIgniter\Debug\Exceptions->errorHandler(2, 'Undefined variable $nomorDaftar', 'C:\\xampp\\htdocs\\ci-project\\app\\Views\\peserta_form.php', 24)
 2 SYSTEMPATH\View\View.php(228): include('C:\\xampp\\htdocs\\ci-project\\app\\Views\\peserta_form.php')
 3 SYSTEMPATH\View\View.php(231): CodeIgniter\View\View->CodeIgniter\View\{closure}()
 4 SYSTEMPATH\Common.php(1178): CodeIgniter\View\View->render('peserta_form', [], true)
 5 APPPATH\Controllers\Login.php(37): view('peserta_form')
 6 SYSTEMPATH\CodeIgniter.php(941): App\Controllers\Login->login_action()
 7 SYSTEMPATH\CodeIgniter.php(502): CodeIgniter\CodeIgniter->runController(Object(App\Controllers\Login))
 8 SYSTEMPATH\CodeIgniter.php(361): CodeIgniter\CodeIgniter->handleRequest(null, Object(Config\Cache), false)
 9 FCPATH\index.php(79): CodeIgniter\CodeIgniter->run()
10 SYSTEMPATH\Commands\Server\rewrite.php(47): require_once('C:\\xampp\\htdocs\\ci-project\\public\\index.php')
CRITICAL - 2024-03-23 15:51:24 --> ErrorException: Undefined variable $nomorDaftar
in APPPATH\Views\peserta_form.php on line 24.
 1 APPPATH\Views\peserta_form.php(24): CodeIgniter\Debug\Exceptions->errorHandler(2, 'Undefined variable $nomorDaftar', 'C:\\xampp\\htdocs\\ci-project\\app\\Views\\peserta_form.php', 24)
 2 SYSTEMPATH\View\View.php(228): include('C:\\xampp\\htdocs\\ci-project\\app\\Views\\peserta_form.php')
 3 SYSTEMPATH\View\View.php(231): CodeIgniter\View\View->CodeIgniter\View\{closure}()
 4 SYSTEMPATH\Common.php(1178): CodeIgniter\View\View->render('peserta_form', [], true)
 5 APPPATH\Controllers\Login.php(37): view('peserta_form')
 6 SYSTEMPATH\CodeIgniter.php(941): App\Controllers\Login->login_action()
 7 SYSTEMPATH\CodeIgniter.php(502): CodeIgniter\CodeIgniter->runController(Object(App\Controllers\Login))
 8 SYSTEMPATH\CodeIgniter.php(361): CodeIgniter\CodeIgniter->handleRequest(null, Object(Config\Cache), false)
 9 FCPATH\index.php(79): CodeIgniter\CodeIgniter->run()
10 SYSTEMPATH\Commands\Server\rewrite.php(47): require_once('C:\\xampp\\htdocs\\ci-project\\public\\index.php')
CRITICAL - 2024-03-23 15:55:22 --> ErrorException: Undefined variable $nomorDaftar
in APPPATH\Views\peserta_form.php on line 34.
 1 APPPATH\Views\peserta_form.php(34): CodeIgniter\Debug\Exceptions->errorHandler(2, 'Undefined variable $nomorDaftar', 'C:\\xampp\\htdocs\\ci-project\\app\\Views\\peserta_form.php', 34)
 2 SYSTEMPATH\View\View.php(228): include('C:\\xampp\\htdocs\\ci-project\\app\\Views\\peserta_form.php')
 3 SYSTEMPATH\View\View.php(231): CodeIgniter\View\View->CodeIgniter\View\{closure}()
 4 SYSTEMPATH\Common.php(1178): CodeIgniter\View\View->render('peserta_form', [], true)
 5 APPPATH\Controllers\Login.php(37): view('peserta_form')
 6 SYSTEMPATH\CodeIgniter.php(941): App\Controllers\Login->login_action()
 7 SYSTEMPATH\CodeIgniter.php(502): CodeIgniter\CodeIgniter->runController(Object(App\Controllers\Login))
 8 SYSTEMPATH\CodeIgniter.php(361): CodeIgniter\CodeIgniter->handleRequest(null, Object(Config\Cache), false)
 9 FCPATH\index.php(79): CodeIgniter\CodeIgniter->run()
10 SYSTEMPATH\Commands\Server\rewrite.php(47): require_once('C:\\xampp\\htdocs\\ci-project\\public\\index.php')
CRITICAL - 2024-03-23 15:57:57 --> BadMethodCallException: Call to undefined method App\Models\Peserta_form::getLastNomorDaftar
in SYSTEMPATH\Model.php on line 874.
 1 APPPATH\Controllers\Peserta.php(14): CodeIgniter\Model->__call('getLastNomorDaftar', [])
 2 SYSTEMPATH\CodeIgniter.php(941): App\Controllers\Peserta->save()
 3 SYSTEMPATH\CodeIgniter.php(502): CodeIgniter\CodeIgniter->runController(Object(App\Controllers\Peserta))
 4 SYSTEMPATH\CodeIgniter.php(361): CodeIgniter\CodeIgniter->handleRequest(null, Object(Config\Cache), false)
 5 FCPATH\index.php(79): CodeIgniter\CodeIgniter->run()
 6 SYSTEMPATH\Commands\Server\rewrite.php(47): require_once('C:\\xampp\\htdocs\\ci-project\\public\\index.php')
WARNING - 2024-03-23 15:59:31 --> [DEPRECATED] explode(): Passing null to parameter #2 ($string) of type string is deprecated in APPPATH\Models\Peserta_form.php on line 18.
 1 APPPATH\Models\Peserta_form.php(18): explode('/', null)
 2 APPPATH\Controllers\Peserta.php(14): App\Models\Peserta_form->getLastNomorDaftar()
 3 SYSTEMPATH\CodeIgniter.php(941): App\Controllers\Peserta->save()
 4 SYSTEMPATH\CodeIgniter.php(502): CodeIgniter\CodeIgniter->runController(Object(App\Controllers\Peserta))
 5 SYSTEMPATH\CodeIgniter.php(361): CodeIgniter\CodeIgniter->handleRequest(null, Object(Config\Cache), false)
 6 FCPATH\index.php(79): CodeIgniter\CodeIgniter->run()
 7 SYSTEMPATH\Commands\Server\rewrite.php(47): require_once('C:\\xampp\\htdocs\\ci-project\\public\\index.php')
ERROR - 2024-03-23 16:34:28 --> mysqli_sql_exception: Column 'kelas' cannot be null in C:\xampp\htdocs\ci-project\vendor\codeigniter4\framework\system\Database\MySQLi\Connection.php:306
Stack trace:
#0 C:\xampp\htdocs\ci-project\vendor\codeigniter4\framework\system\Database\MySQLi\Connection.php(306): mysqli->query('INSERT INTO `ku...', 0)
#1 C:\xampp\htdocs\ci-project\vendor\codeigniter4\framework\system\Database\BaseConnection.php(693): CodeIgniter\Database\MySQLi\Connection->execute('INSERT INTO `ku...')
#2 C:\xampp\htdocs\ci-project\vendor\codeigniter4\framework\system\Database\BaseConnection.php(607): CodeIgniter\Database\BaseConnection->simpleQuery('INSERT INTO `ku...')
#3 C:\xampp\htdocs\ci-project\vendor\codeigniter4\framework\system\Database\BaseBuilder.php(2307): CodeIgniter\Database\BaseConnection->query('INSERT INTO `ku...', Array, false)
#4 C:\xampp\htdocs\ci-project\vendor\codeigniter4\framework\system\Model.php(326): CodeIgniter\Database\BaseBuilder->insert()
#5 C:\xampp\htdocs\ci-project\vendor\codeigniter4\framework\system\BaseModel.php(802): CodeIgniter\Model->doInsert(Array)
#6 C:\xampp\htdocs\ci-project\vendor\codeigniter4\framework\system\Model.php(744): CodeIgniter\BaseModel->insert(Array, true)
#7 C:\xampp\htdocs\ci-project\app\Controllers\Peserta.php(29): CodeIgniter\Model->insert(Array)
#8 C:\xampp\htdocs\ci-project\vendor\codeigniter4\framework\system\CodeIgniter.php(941): App\Controllers\Peserta->save()
#9 C:\xampp\htdocs\ci-project\vendor\codeigniter4\framework\system\CodeIgniter.php(502): CodeIgniter\CodeIgniter->runController(Object(App\Controllers\Peserta))
#10 C:\xampp\htdocs\ci-project\vendor\codeigniter4\framework\system\CodeIgniter.php(361): CodeIgniter\CodeIgniter->handleRequest(NULL, Object(Config\Cache), false)
#11 C:\xampp\htdocs\ci-project\public\index.php(79): CodeIgniter\CodeIgniter->run()
#12 C:\xampp\htdocs\ci-project\vendor\codeigniter4\framework\system\Commands\Server\rewrite.php(47): require_once('C:\\xampp\\htdocs...')
#13 {main}
CRITICAL - 2024-03-23 16:34:28 --> CodeIgniter\Database\Exceptions\DatabaseException: Column 'kelas' cannot be null
in SYSTEMPATH\Database\BaseConnection.php on line 647.
 1 SYSTEMPATH\Database\BaseBuilder.php(2307): CodeIgniter\Database\BaseConnection->query('INSERT INTO `kursus` (`nomor_daftar`, `nama`, `materi`, `waktu`, `kelas`, `biaya_kursus`, `biaya_kelas`, `total`) VALUES (:nomor_daftar:, :nama:, :materi:, :waktu:, :kelas:, :biaya_kursus:, :biaya_kelas:, :total:)', [...], false)
 2 SYSTEMPATH\Model.php(326): CodeIgniter\Database\BaseBuilder->insert()
 3 SYSTEMPATH\BaseModel.php(802): CodeIgniter\Model->doInsert([...])
 4 SYSTEMPATH\Model.php(744): CodeIgniter\BaseModel->insert([...], true)
 5 APPPATH\Controllers\Peserta.php(29): CodeIgniter\Model->insert([...])
 6 SYSTEMPATH\CodeIgniter.php(941): App\Controllers\Peserta->save()
 7 SYSTEMPATH\CodeIgniter.php(502): CodeIgniter\CodeIgniter->runController(Object(App\Controllers\Peserta))
 8 SYSTEMPATH\CodeIgniter.php(361): CodeIgniter\CodeIgniter->handleRequest(null, Object(Config\Cache), false)
 9 FCPATH\index.php(79): CodeIgniter\CodeIgniter->run()
10 SYSTEMPATH\Commands\Server\rewrite.php(47): require_once('C:\\xampp\\htdocs\\ci-project\\public\\index.php')
CRITICAL - 2024-03-23 16:34:28 --> [Caused by] CodeIgniter\Database\Exceptions\DatabaseException: Column 'kelas' cannot be null
in SYSTEMPATH\Database\MySQLi\Connection.php on line 311.
 1 SYSTEMPATH\Database\BaseConnection.php(693): CodeIgniter\Database\MySQLi\Connection->execute('INSERT INTO `kursus` (`nomor_daftar`, `nama`, `materi`, `waktu`, `kelas`, `biaya_kursus`, `biaya_kelas`, `total`) VALUES (\'014/23/03/2024\', \'sadsadsadsa\', \'B.Mandarin\', \'Sore - Malam\', NULL, \'3000000\', \'\', \'3300000\')')
 2 SYSTEMPATH\Database\BaseConnection.php(607): CodeIgniter\Database\BaseConnection->simpleQuery('INSERT INTO `kursus` (`nomor_daftar`, `nama`, `materi`, `waktu`, `kelas`, `biaya_kursus`, `biaya_kelas`, `total`) VALUES (\'014/23/03/2024\', \'sadsadsadsa\', \'B.Mandarin\', \'Sore - Malam\', NULL, \'3000000\', \'\', \'3300000\')')
 3 SYSTEMPATH\Database\BaseBuilder.php(2307): CodeIgniter\Database\BaseConnection->query('INSERT INTO `kursus` (`nomor_daftar`, `nama`, `materi`, `waktu`, `kelas`, `biaya_kursus`, `biaya_kelas`, `total`) VALUES (:nomor_daftar:, :nama:, :materi:, :waktu:, :kelas:, :biaya_kursus:, :biaya_kelas:, :total:)', [...], false)
 4 SYSTEMPATH\Model.php(326): CodeIgniter\Database\BaseBuilder->insert()
 5 SYSTEMPATH\BaseModel.php(802): CodeIgniter\Model->doInsert([...])
 6 SYSTEMPATH\Model.php(744): CodeIgniter\BaseModel->insert([...], true)
 7 APPPATH\Controllers\Peserta.php(29): CodeIgniter\Model->insert([...])
 8 SYSTEMPATH\CodeIgniter.php(941): App\Controllers\Peserta->save()
 9 SYSTEMPATH\CodeIgniter.php(502): CodeIgniter\CodeIgniter->runController(Object(App\Controllers\Peserta))
10 SYSTEMPATH\CodeIgniter.php(361): CodeIgniter\CodeIgniter->handleRequest(null, Object(Config\Cache), false)
11 FCPATH\index.php(79): CodeIgniter\CodeIgniter->run()
12 SYSTEMPATH\Commands\Server\rewrite.php(47): require_once('C:\\xampp\\htdocs\\ci-project\\public\\index.php')
CRITICAL - 2024-03-23 16:34:28 --> [Caused by] mysqli_sql_exception: Column 'kelas' cannot be null
in SYSTEMPATH\Database\MySQLi\Connection.php on line 306.
 1 SYSTEMPATH\Database\MySQLi\Connection.php(306): mysqli->query('INSERT INTO `kursus` (`nomor_daftar`, `nama`, `materi`, `waktu`, `kelas`, `biaya_kursus`, `biaya_kelas`, `total`) VALUES (\'014/23/03/2024\', \'sadsadsadsa\', \'B.Mandarin\', \'Sore - Malam\', NULL, \'3000000\', \'\', \'3300000\')', 0)
 2 SYSTEMPATH\Database\BaseConnection.php(693): CodeIgniter\Database\MySQLi\Connection->execute('INSERT INTO `kursus` (`nomor_daftar`, `nama`, `materi`, `waktu`, `kelas`, `biaya_kursus`, `biaya_kelas`, `total`) VALUES (\'014/23/03/2024\', \'sadsadsadsa\', \'B.Mandarin\', \'Sore - Malam\', NULL, \'3000000\', \'\', \'3300000\')')
 3 SYSTEMPATH\Database\BaseConnection.php(607): CodeIgniter\Database\BaseConnection->simpleQuery('INSERT INTO `kursus` (`nomor_daftar`, `nama`, `materi`, `waktu`, `kelas`, `biaya_kursus`, `biaya_kelas`, `total`) VALUES (\'014/23/03/2024\', \'sadsadsadsa\', \'B.Mandarin\', \'Sore - Malam\', NULL, \'3000000\', \'\', \'3300000\')')
 4 SYSTEMPATH\Database\BaseBuilder.php(2307): CodeIgniter\Database\BaseConnection->query('INSERT INTO `kursus` (`nomor_daftar`, `nama`, `materi`, `waktu`, `kelas`, `biaya_kursus`, `biaya_kelas`, `total`) VALUES (:nomor_daftar:, :nama:, :materi:, :waktu:, :kelas:, :biaya_kursus:, :biaya_kelas:, :total:)', [...], false)
 5 SYSTEMPATH\Model.php(326): CodeIgniter\Database\BaseBuilder->insert()
 6 SYSTEMPATH\BaseModel.php(802): CodeIgniter\Model->doInsert([...])
 7 SYSTEMPATH\Model.php(744): CodeIgniter\BaseModel->insert([...], true)
 8 APPPATH\Controllers\Peserta.php(29): CodeIgniter\Model->insert([...])
 9 SYSTEMPATH\CodeIgniter.php(941): App\Controllers\Peserta->save()
10 SYSTEMPATH\CodeIgniter.php(502): CodeIgniter\CodeIgniter->runController(Object(App\Controllers\Peserta))
11 SYSTEMPATH\CodeIgniter.php(361): CodeIgniter\CodeIgniter->handleRequest(null, Object(Config\Cache), false)
12 FCPATH\index.php(79): CodeIgniter\CodeIgniter->run()
13 SYSTEMPATH\Commands\Server\rewrite.php(47): require_once('C:\\xampp\\htdocs\\ci-project\\public\\index.php')
ERROR - 2024-03-23 16:46:33 --> mysqli_sql_exception: Column 'kelas' cannot be null in C:\xampp\htdocs\ci-project\vendor\codeigniter4\framework\system\Database\MySQLi\Connection.php:306
Stack trace:
#0 C:\xampp\htdocs\ci-project\vendor\codeigniter4\framework\system\Database\MySQLi\Connection.php(306): mysqli->query('INSERT INTO `ku...', 0)
#1 C:\xampp\htdocs\ci-project\vendor\codeigniter4\framework\system\Database\BaseConnection.php(693): CodeIgniter\Database\MySQLi\Connection->execute('INSERT INTO `ku...')
#2 C:\xampp\htdocs\ci-project\vendor\codeigniter4\framework\system\Database\BaseConnection.php(607): CodeIgniter\Database\BaseConnection->simpleQuery('INSERT INTO `ku...')
#3 C:\xampp\htdocs\ci-project\vendor\codeigniter4\framework\system\Database\BaseBuilder.php(2307): CodeIgniter\Database\BaseConnection->query('INSERT INTO `ku...', Array, false)
#4 C:\xampp\htdocs\ci-project\vendor\codeigniter4\framework\system\Model.php(326): CodeIgniter\Database\BaseBuilder->insert()
#5 C:\xampp\htdocs\ci-project\vendor\codeigniter4\framework\system\BaseModel.php(802): CodeIgniter\Model->doInsert(Array)
#6 C:\xampp\htdocs\ci-project\vendor\codeigniter4\framework\system\Model.php(744): CodeIgniter\BaseModel->insert(Array, true)
#7 C:\xampp\htdocs\ci-project\app\Controllers\Peserta.php(29): CodeIgniter\Model->insert(Array)
#8 C:\xampp\htdocs\ci-project\vendor\codeigniter4\framework\system\CodeIgniter.php(941): App\Controllers\Peserta->save()
#9 C:\xampp\htdocs\ci-project\vendor\codeigniter4\framework\system\CodeIgniter.php(502): CodeIgniter\CodeIgniter->runController(Object(App\Controllers\Peserta))
#10 C:\xampp\htdocs\ci-project\vendor\codeigniter4\framework\system\CodeIgniter.php(361): CodeIgniter\CodeIgniter->handleRequest(NULL, Object(Config\Cache), false)
#11 C:\xampp\htdocs\ci-project\public\index.php(79): CodeIgniter\CodeIgniter->run()
#12 C:\xampp\htdocs\ci-project\vendor\codeigniter4\framework\system\Commands\Server\rewrite.php(47): require_once('C:\\xampp\\htdocs...')
#13 {main}
CRITICAL - 2024-03-23 16:46:33 --> CodeIgniter\Database\Exceptions\DatabaseException: Column 'kelas' cannot be null
in SYSTEMPATH\Database\BaseConnection.php on line 647.
 1 SYSTEMPATH\Database\BaseBuilder.php(2307): CodeIgniter\Database\BaseConnection->query('INSERT INTO `kursus` (`nomor_daftar`, `nama`, `materi`, `waktu`, `kelas`, `biaya_kursus`, `biaya_kelas`, `total`) VALUES (:nomor_daftar:, :nama:, :materi:, :waktu:, :kelas:, :biaya_kursus:, :biaya_kelas:, :total:)', [...], false)
 2 SYSTEMPATH\Model.php(326): CodeIgniter\Database\BaseBuilder->insert()
 3 SYSTEMPATH\BaseModel.php(802): CodeIgniter\Model->doInsert([...])
 4 SYSTEMPATH\Model.php(744): CodeIgniter\BaseModel->insert([...], true)
 5 APPPATH\Controllers\Peserta.php(29): CodeIgniter\Model->insert([...])
 6 SYSTEMPATH\CodeIgniter.php(941): App\Controllers\Peserta->save()
 7 SYSTEMPATH\CodeIgniter.php(502): CodeIgniter\CodeIgniter->runController(Object(App\Controllers\Peserta))
 8 SYSTEMPATH\CodeIgniter.php(361): CodeIgniter\CodeIgniter->handleRequest(null, Object(Config\Cache), false)
 9 FCPATH\index.php(79): CodeIgniter\CodeIgniter->run()
10 SYSTEMPATH\Commands\Server\rewrite.php(47): require_once('C:\\xampp\\htdocs\\ci-project\\public\\index.php')
CRITICAL - 2024-03-23 16:46:33 --> [Caused by] CodeIgniter\Database\Exceptions\DatabaseException: Column 'kelas' cannot be null
in SYSTEMPATH\Database\MySQLi\Connection.php on line 311.
 1 SYSTEMPATH\Database\BaseConnection.php(693): CodeIgniter\Database\MySQLi\Connection->execute('INSERT INTO `kursus` (`nomor_daftar`, `nama`, `materi`, `waktu`, `kelas`, `biaya_kursus`, `biaya_kelas`, `total`) VALUES (\'025/23/03/2024\', \'\', \'B.Mandarin\', \'Sore - Malam\', NULL, \'3000000\', \'\', \'3300000\')')
 2 SYSTEMPATH\Database\BaseConnection.php(607): CodeIgniter\Database\BaseConnection->simpleQuery('INSERT INTO `kursus` (`nomor_daftar`, `nama`, `materi`, `waktu`, `kelas`, `biaya_kursus`, `biaya_kelas`, `total`) VALUES (\'025/23/03/2024\', \'\', \'B.Mandarin\', \'Sore - Malam\', NULL, \'3000000\', \'\', \'3300000\')')
 3 SYSTEMPATH\Database\BaseBuilder.php(2307): CodeIgniter\Database\BaseConnection->query('INSERT INTO `kursus` (`nomor_daftar`, `nama`, `materi`, `waktu`, `kelas`, `biaya_kursus`, `biaya_kelas`, `total`) VALUES (:nomor_daftar:, :nama:, :materi:, :waktu:, :kelas:, :biaya_kursus:, :biaya_kelas:, :total:)', [...], false)
 4 SYSTEMPATH\Model.php(326): CodeIgniter\Database\BaseBuilder->insert()
 5 SYSTEMPATH\BaseModel.php(802): CodeIgniter\Model->doInsert([...])
 6 SYSTEMPATH\Model.php(744): CodeIgniter\BaseModel->insert([...], true)
 7 APPPATH\Controllers\Peserta.php(29): CodeIgniter\Model->insert([...])
 8 SYSTEMPATH\CodeIgniter.php(941): App\Controllers\Peserta->save()
 9 SYSTEMPATH\CodeIgniter.php(502): CodeIgniter\CodeIgniter->runController(Object(App\Controllers\Peserta))
10 SYSTEMPATH\CodeIgniter.php(361): CodeIgniter\CodeIgniter->handleRequest(null, Object(Config\Cache), false)
11 FCPATH\index.php(79): CodeIgniter\CodeIgniter->run()
12 SYSTEMPATH\Commands\Server\rewrite.php(47): require_once('C:\\xampp\\htdocs\\ci-project\\public\\index.php')
CRITICAL - 2024-03-23 16:46:33 --> [Caused by] mysqli_sql_exception: Column 'kelas' cannot be null
in SYSTEMPATH\Database\MySQLi\Connection.php on line 306.
 1 SYSTEMPATH\Database\MySQLi\Connection.php(306): mysqli->query('INSERT INTO `kursus` (`nomor_daftar`, `nama`, `materi`, `waktu`, `kelas`, `biaya_kursus`, `biaya_kelas`, `total`) VALUES (\'025/23/03/2024\', \'\', \'B.Mandarin\', \'Sore - Malam\', NULL, \'3000000\', \'\', \'3300000\')', 0)
 2 SYSTEMPATH\Database\BaseConnection.php(693): CodeIgniter\Database\MySQLi\Connection->execute('INSERT INTO `kursus` (`nomor_daftar`, `nama`, `materi`, `waktu`, `kelas`, `biaya_kursus`, `biaya_kelas`, `total`) VALUES (\'025/23/03/2024\', \'\', \'B.Mandarin\', \'Sore - Malam\', NULL, \'3000000\', \'\', \'3300000\')')
 3 SYSTEMPATH\Database\BaseConnection.php(607): CodeIgniter\Database\BaseConnection->simpleQuery('INSERT INTO `kursus` (`nomor_daftar`, `nama`, `materi`, `waktu`, `kelas`, `biaya_kursus`, `biaya_kelas`, `total`) VALUES (\'025/23/03/2024\', \'\', \'B.Mandarin\', \'Sore - Malam\', NULL, \'3000000\', \'\', \'3300000\')')
 4 SYSTEMPATH\Database\BaseBuilder.php(2307): CodeIgniter\Database\BaseConnection->query('INSERT INTO `kursus` (`nomor_daftar`, `nama`, `materi`, `waktu`, `kelas`, `biaya_kursus`, `biaya_kelas`, `total`) VALUES (:nomor_daftar:, :nama:, :materi:, :waktu:, :kelas:, :biaya_kursus:, :biaya_kelas:, :total:)', [...], false)
 5 SYSTEMPATH\Model.php(326): CodeIgniter\Database\BaseBuilder->insert()
 6 SYSTEMPATH\BaseModel.php(802): CodeIgniter\Model->doInsert([...])
 7 SYSTEMPATH\Model.php(744): CodeIgniter\BaseModel->insert([...], true)
 8 APPPATH\Controllers\Peserta.php(29): CodeIgniter\Model->insert([...])
 9 SYSTEMPATH\CodeIgniter.php(941): App\Controllers\Peserta->save()
10 SYSTEMPATH\CodeIgniter.php(502): CodeIgniter\CodeIgniter->runController(Object(App\Controllers\Peserta))
11 SYSTEMPATH\CodeIgniter.php(361): CodeIgniter\CodeIgniter->handleRequest(null, Object(Config\Cache), false)
12 FCPATH\index.php(79): CodeIgniter\CodeIgniter->run()
13 SYSTEMPATH\Commands\Server\rewrite.php(47): require_once('C:\\xampp\\htdocs\\ci-project\\public\\index.php')
