INFO - 2024-06-24 05:53:02 --> Session: Class initialized using 'CodeIgniter\Session\Handlers\FileHandler' driver.
ERROR - 2024-06-24 05:53:15 --> Error connecting to the database: mysqli_sql_exception: Unknown database 'uts_ci' in C:\xampp\htdocs\ci-project\vendor\codeigniter4\framework\system\Database\MySQLi\Connection.php:184
Stack trace:
#0 C:\xampp\htdocs\ci-project\vendor\codeigniter4\framework\system\Database\MySQLi\Connection.php(184): mysqli->real_connect('localhost', 'root', Object(SensitiveParameterValue), 'uts_ci', 3306, '', 0)
#1 C:\xampp\htdocs\ci-project\vendor\codeigniter4\framework\system\Database\BaseConnection.php(392): CodeIgniter\Database\MySQLi\Connection->connect(false)
#2 C:\xampp\htdocs\ci-project\vendor\codeigniter4\framework\system\Database\BaseConnection.php(575): CodeIgniter\Database\BaseConnection->initialize()
#3 C:\xampp\htdocs\ci-project\vendor\codeigniter4\framework\system\Database\BaseBuilder.php(1616): CodeIgniter\Database\BaseConnection->query('SELECT *\nFROM `...', Array, false)
#4 C:\xampp\htdocs\ci-project\app\Models\M_user.php(15): CodeIgniter\Database\BaseBuilder->get()
#5 C:\xampp\htdocs\ci-project\app\Controllers\Login.php(25): App\Models\M_user->get_data('admin', '1234')
#6 C:\xampp\htdocs\ci-project\vendor\codeigniter4\framework\system\CodeIgniter.php(941): App\Controllers\Login->login_action()
#7 C:\xampp\htdocs\ci-project\vendor\codeigniter4\framework\system\CodeIgniter.php(502): CodeIgniter\CodeIgniter->runController(Object(App\Controllers\Login))
#8 C:\xampp\htdocs\ci-project\vendor\codeigniter4\framework\system\CodeIgniter.php(361): CodeIgniter\CodeIgniter->handleRequest(NULL, Object(Config\Cache), false)
#9 C:\xampp\htdocs\ci-project\public\index.php(79): CodeIgniter\CodeIgniter->run()
#10 C:\xampp\htdocs\ci-project\vendor\codeigniter4\framework\system\Commands\Server\rewrite.php(47): require_once('C:\\xampp\\htdocs...')
#11 {main}

Next CodeIgniter\Database\Exceptions\DatabaseException: Unknown database 'uts_ci' in C:\xampp\htdocs\ci-project\vendor\codeigniter4\framework\system\Database\MySQLi\Connection.php:229
Stack trace:
#0 C:\xampp\htdocs\ci-project\vendor\codeigniter4\framework\system\Database\BaseConnection.php(392): CodeIgniter\Database\MySQLi\Connection->connect(false)
#1 C:\xampp\htdocs\ci-project\vendor\codeigniter4\framework\system\Database\BaseConnection.php(575): CodeIgniter\Database\BaseConnection->initialize()
#2 C:\xampp\htdocs\ci-project\vendor\codeigniter4\framework\system\Database\BaseBuilder.php(1616): CodeIgniter\Database\BaseConnection->query('SELECT *\nFROM `...', Array, false)
#3 C:\xampp\htdocs\ci-project\app\Models\M_user.php(15): CodeIgniter\Database\BaseBuilder->get()
#4 C:\xampp\htdocs\ci-project\app\Controllers\Login.php(25): App\Models\M_user->get_data('admin', '1234')
#5 C:\xampp\htdocs\ci-project\vendor\codeigniter4\framework\system\CodeIgniter.php(941): App\Controllers\Login->login_action()
#6 C:\xampp\htdocs\ci-project\vendor\codeigniter4\framework\system\CodeIgniter.php(502): CodeIgniter\CodeIgniter->runController(Object(App\Controllers\Login))
#7 C:\xampp\htdocs\ci-project\vendor\codeigniter4\framework\system\CodeIgniter.php(361): CodeIgniter\CodeIgniter->handleRequest(NULL, Object(Config\Cache), false)
#8 C:\xampp\htdocs\ci-project\public\index.php(79): CodeIgniter\CodeIgniter->run()
#9 C:\xampp\htdocs\ci-project\vendor\codeigniter4\framework\system\Commands\Server\rewrite.php(47): require_once('C:\\xampp\\htdocs...')
#10 {main}
CRITICAL - 2024-06-24 05:53:15 --> CodeIgniter\Database\Exceptions\DatabaseException: Unable to connect to the database.
Main connection [MySQLi]: Unknown database 'uts_ci'
in SYSTEMPATH\Database\BaseConnection.php on line 428.
 1 SYSTEMPATH\Database\BaseConnection.php(575): CodeIgniter\Database\BaseConnection->initialize()
 2 SYSTEMPATH\Database\BaseBuilder.php(1616): CodeIgniter\Database\BaseConnection->query('SELECT *
FROM `users`
WHERE `role` = :role:', [...], false)
 3 APPPATH\Models\M_user.php(15): CodeIgniter\Database\BaseBuilder->get()
 4 APPPATH\Controllers\Login.php(25): App\Models\M_user->get_data('admin', '1234')
 5 SYSTEMPATH\CodeIgniter.php(941): App\Controllers\Login->login_action()
 6 SYSTEMPATH\CodeIgniter.php(502): CodeIgniter\CodeIgniter->runController(Object(App\Controllers\Login))
 7 SYSTEMPATH\CodeIgniter.php(361): CodeIgniter\CodeIgniter->handleRequest(null, Object(Config\Cache), false)
 8 FCPATH\index.php(79): CodeIgniter\CodeIgniter->run()
 9 SYSTEMPATH\Commands\Server\rewrite.php(47): require_once('C:\\xampp\\htdocs\\ci-project\\public\\index.php')
INFO - 2024-06-24 05:53:18 --> Session: Class initialized using 'CodeIgniter\Session\Handlers\FileHandler' driver.
ERROR - 2024-06-24 06:22:45 --> Error connecting to the database: mysqli_sql_exception: Unknown database 'uts_ci' in C:\xampp\htdocs\ci-project\vendor\codeigniter4\framework\system\Database\MySQLi\Connection.php:184
Stack trace:
#0 C:\xampp\htdocs\ci-project\vendor\codeigniter4\framework\system\Database\MySQLi\Connection.php(184): mysqli->real_connect('localhost', 'root', Object(SensitiveParameterValue), 'uts_ci', 3306, '', 0)
#1 C:\xampp\htdocs\ci-project\vendor\codeigniter4\framework\system\Database\BaseConnection.php(392): CodeIgniter\Database\MySQLi\Connection->connect(false)
#2 C:\xampp\htdocs\ci-project\vendor\codeigniter4\framework\system\Database\BaseConnection.php(575): CodeIgniter\Database\BaseConnection->initialize()
#3 C:\xampp\htdocs\ci-project\vendor\codeigniter4\framework\system\Database\BaseBuilder.php(1616): CodeIgniter\Database\BaseConnection->query('SELECT *\nFROM `...', Array, false)
#4 C:\xampp\htdocs\ci-project\app\Models\M_user.php(15): CodeIgniter\Database\BaseBuilder->get()
#5 C:\xampp\htdocs\ci-project\app\Controllers\Login.php(25): App\Models\M_user->get_data('admin', '1234')
#6 C:\xampp\htdocs\ci-project\vendor\codeigniter4\framework\system\CodeIgniter.php(941): App\Controllers\Login->login_action()
#7 C:\xampp\htdocs\ci-project\vendor\codeigniter4\framework\system\CodeIgniter.php(502): CodeIgniter\CodeIgniter->runController(Object(App\Controllers\Login))
#8 C:\xampp\htdocs\ci-project\vendor\codeigniter4\framework\system\CodeIgniter.php(361): CodeIgniter\CodeIgniter->handleRequest(NULL, Object(Config\Cache), false)
#9 C:\xampp\htdocs\ci-project\public\index.php(79): CodeIgniter\CodeIgniter->run()
#10 C:\xampp\htdocs\ci-project\vendor\codeigniter4\framework\system\Commands\Server\rewrite.php(47): require_once('C:\\xampp\\htdocs...')
#11 {main}

Next CodeIgniter\Database\Exceptions\DatabaseException: Unknown database 'uts_ci' in C:\xampp\htdocs\ci-project\vendor\codeigniter4\framework\system\Database\MySQLi\Connection.php:229
Stack trace:
#0 C:\xampp\htdocs\ci-project\vendor\codeigniter4\framework\system\Database\BaseConnection.php(392): CodeIgniter\Database\MySQLi\Connection->connect(false)
#1 C:\xampp\htdocs\ci-project\vendor\codeigniter4\framework\system\Database\BaseConnection.php(575): CodeIgniter\Database\BaseConnection->initialize()
#2 C:\xampp\htdocs\ci-project\vendor\codeigniter4\framework\system\Database\BaseBuilder.php(1616): CodeIgniter\Database\BaseConnection->query('SELECT *\nFROM `...', Array, false)
#3 C:\xampp\htdocs\ci-project\app\Models\M_user.php(15): CodeIgniter\Database\BaseBuilder->get()
#4 C:\xampp\htdocs\ci-project\app\Controllers\Login.php(25): App\Models\M_user->get_data('admin', '1234')
#5 C:\xampp\htdocs\ci-project\vendor\codeigniter4\framework\system\CodeIgniter.php(941): App\Controllers\Login->login_action()
#6 C:\xampp\htdocs\ci-project\vendor\codeigniter4\framework\system\CodeIgniter.php(502): CodeIgniter\CodeIgniter->runController(Object(App\Controllers\Login))
#7 C:\xampp\htdocs\ci-project\vendor\codeigniter4\framework\system\CodeIgniter.php(361): CodeIgniter\CodeIgniter->handleRequest(NULL, Object(Config\Cache), false)
#8 C:\xampp\htdocs\ci-project\public\index.php(79): CodeIgniter\CodeIgniter->run()
#9 C:\xampp\htdocs\ci-project\vendor\codeigniter4\framework\system\Commands\Server\rewrite.php(47): require_once('C:\\xampp\\htdocs...')
#10 {main}
CRITICAL - 2024-06-24 06:22:45 --> CodeIgniter\Database\Exceptions\DatabaseException: Unable to connect to the database.
Main connection [MySQLi]: Unknown database 'uts_ci'
in SYSTEMPATH\Database\BaseConnection.php on line 428.
 1 SYSTEMPATH\Database\BaseConnection.php(575): CodeIgniter\Database\BaseConnection->initialize()
 2 SYSTEMPATH\Database\BaseBuilder.php(1616): CodeIgniter\Database\BaseConnection->query('SELECT *
FROM `users`
WHERE `role` = :role:', [...], false)
 3 APPPATH\Models\M_user.php(15): CodeIgniter\Database\BaseBuilder->get()
 4 APPPATH\Controllers\Login.php(25): App\Models\M_user->get_data('admin', '1234')
 5 SYSTEMPATH\CodeIgniter.php(941): App\Controllers\Login->login_action()
 6 SYSTEMPATH\CodeIgniter.php(502): CodeIgniter\CodeIgniter->runController(Object(App\Controllers\Login))
 7 SYSTEMPATH\CodeIgniter.php(361): CodeIgniter\CodeIgniter->handleRequest(null, Object(Config\Cache), false)
 8 FCPATH\index.php(79): CodeIgniter\CodeIgniter->run()
 9 SYSTEMPATH\Commands\Server\rewrite.php(47): require_once('C:\\xampp\\htdocs\\ci-project\\public\\index.php')
INFO - 2024-06-24 06:22:47 --> Session: Class initialized using 'CodeIgniter\Session\Handlers\FileHandler' driver.
INFO - 2024-06-24 07:00:08 --> Session: Class initialized using 'CodeIgniter\Session\Handlers\FileHandler' driver.
INFO - 2024-06-24 07:10:07 --> Session: Class initialized using 'CodeIgniter\Session\Handlers\FileHandler' driver.
INFO - 2024-06-24 07:10:13 --> Session: Class initialized using 'CodeIgniter\Session\Handlers\FileHandler' driver.
ERROR - 2024-06-24 07:10:13 --> mysqli_sql_exception: Table 'ci4.kursus' doesn't exist in C:\xampp\htdocs\ci-project\vendor\codeigniter4\framework\system\Database\MySQLi\Connection.php:306
Stack trace:
#0 C:\xampp\htdocs\ci-project\vendor\codeigniter4\framework\system\Database\MySQLi\Connection.php(306): mysqli->query('SELECT *\nFROM `...', 0)
#1 C:\xampp\htdocs\ci-project\vendor\codeigniter4\framework\system\Database\BaseConnection.php(693): CodeIgniter\Database\MySQLi\Connection->execute('SELECT *\nFROM `...')
#2 C:\xampp\htdocs\ci-project\vendor\codeigniter4\framework\system\Database\BaseConnection.php(607): CodeIgniter\Database\BaseConnection->simpleQuery('SELECT *\nFROM `...')
#3 C:\xampp\htdocs\ci-project\vendor\codeigniter4\framework\system\Database\BaseBuilder.php(1616): CodeIgniter\Database\BaseConnection->query('SELECT *\nFROM `...', Array, false)
#4 C:\xampp\htdocs\ci-project\vendor\codeigniter4\framework\system\Model.php(242): CodeIgniter\Database\BaseBuilder->get()
#5 C:\xampp\htdocs\ci-project\vendor\codeigniter4\framework\system\BaseModel.php(638): CodeIgniter\Model->doFindAll(0, 0)
#6 C:\xampp\htdocs\ci-project\app\Models\Kursus_model.php(20): CodeIgniter\BaseModel->findAll()
#7 C:\xampp\htdocs\ci-project\app\Controllers\Login.php(34): App\Models\Kursus_model->getKursus()
#8 C:\xampp\htdocs\ci-project\vendor\codeigniter4\framework\system\CodeIgniter.php(941): App\Controllers\Login->login_action()
#9 C:\xampp\htdocs\ci-project\vendor\codeigniter4\framework\system\CodeIgniter.php(502): CodeIgniter\CodeIgniter->runController(Object(App\Controllers\Login))
#10 C:\xampp\htdocs\ci-project\vendor\codeigniter4\framework\system\CodeIgniter.php(361): CodeIgniter\CodeIgniter->handleRequest(NULL, Object(Config\Cache), false)
#11 C:\xampp\htdocs\ci-project\public\index.php(79): CodeIgniter\CodeIgniter->run()
#12 C:\xampp\htdocs\ci-project\vendor\codeigniter4\framework\system\Commands\Server\rewrite.php(47): require_once('C:\\xampp\\htdocs...')
#13 {main}
CRITICAL - 2024-06-24 07:10:13 --> CodeIgniter\Database\Exceptions\DatabaseException: Table 'ci4.kursus' doesn't exist
in SYSTEMPATH\Database\BaseConnection.php on line 647.
 1 SYSTEMPATH\Database\BaseBuilder.php(1616): CodeIgniter\Database\BaseConnection->query('SELECT *
FROM `kursus`', [], false)
 2 SYSTEMPATH\Model.php(242): CodeIgniter\Database\BaseBuilder->get()
 3 SYSTEMPATH\BaseModel.php(638): CodeIgniter\Model->doFindAll(0, 0)
 4 APPPATH\Models\Kursus_model.php(20): CodeIgniter\BaseModel->findAll()
 5 APPPATH\Controllers\Login.php(34): App\Models\Kursus_model->getKursus()
 6 SYSTEMPATH\CodeIgniter.php(941): App\Controllers\Login->login_action()
 7 SYSTEMPATH\CodeIgniter.php(502): CodeIgniter\CodeIgniter->runController(Object(App\Controllers\Login))
 8 SYSTEMPATH\CodeIgniter.php(361): CodeIgniter\CodeIgniter->handleRequest(null, Object(Config\Cache), false)
 9 FCPATH\index.php(79): CodeIgniter\CodeIgniter->run()
10 SYSTEMPATH\Commands\Server\rewrite.php(47): require_once('C:\\xampp\\htdocs\\ci-project\\public\\index.php')
CRITICAL - 2024-06-24 07:10:13 --> [Caused by] CodeIgniter\Database\Exceptions\DatabaseException: Table 'ci4.kursus' doesn't exist
in SYSTEMPATH\Database\MySQLi\Connection.php on line 311.
 1 SYSTEMPATH\Database\BaseConnection.php(693): CodeIgniter\Database\MySQLi\Connection->execute('SELECT *
FROM `kursus`')
 2 SYSTEMPATH\Database\BaseConnection.php(607): CodeIgniter\Database\BaseConnection->simpleQuery('SELECT *
FROM `kursus`')
 3 SYSTEMPATH\Database\BaseBuilder.php(1616): CodeIgniter\Database\BaseConnection->query('SELECT *
FROM `kursus`', [], false)
 4 SYSTEMPATH\Model.php(242): CodeIgniter\Database\BaseBuilder->get()
 5 SYSTEMPATH\BaseModel.php(638): CodeIgniter\Model->doFindAll(0, 0)
 6 APPPATH\Models\Kursus_model.php(20): CodeIgniter\BaseModel->findAll()
 7 APPPATH\Controllers\Login.php(34): App\Models\Kursus_model->getKursus()
 8 SYSTEMPATH\CodeIgniter.php(941): App\Controllers\Login->login_action()
 9 SYSTEMPATH\CodeIgniter.php(502): CodeIgniter\CodeIgniter->runController(Object(App\Controllers\Login))
10 SYSTEMPATH\CodeIgniter.php(361): CodeIgniter\CodeIgniter->handleRequest(null, Object(Config\Cache), false)
11 FCPATH\index.php(79): CodeIgniter\CodeIgniter->run()
12 SYSTEMPATH\Commands\Server\rewrite.php(47): require_once('C:\\xampp\\htdocs\\ci-project\\public\\index.php')
CRITICAL - 2024-06-24 07:10:13 --> [Caused by] mysqli_sql_exception: Table 'ci4.kursus' doesn't exist
in SYSTEMPATH\Database\MySQLi\Connection.php on line 306.
 1 SYSTEMPATH\Database\MySQLi\Connection.php(306): mysqli->query('SELECT *
FROM `kursus`', 0)
 2 SYSTEMPATH\Database\BaseConnection.php(693): CodeIgniter\Database\MySQLi\Connection->execute('SELECT *
FROM `kursus`')
 3 SYSTEMPATH\Database\BaseConnection.php(607): CodeIgniter\Database\BaseConnection->simpleQuery('SELECT *
FROM `kursus`')
 4 SYSTEMPATH\Database\BaseBuilder.php(1616): CodeIgniter\Database\BaseConnection->query('SELECT *
FROM `kursus`', [], false)
 5 SYSTEMPATH\Model.php(242): CodeIgniter\Database\BaseBuilder->get()
 6 SYSTEMPATH\BaseModel.php(638): CodeIgniter\Model->doFindAll(0, 0)
 7 APPPATH\Models\Kursus_model.php(20): CodeIgniter\BaseModel->findAll()
 8 APPPATH\Controllers\Login.php(34): App\Models\Kursus_model->getKursus()
 9 SYSTEMPATH\CodeIgniter.php(941): App\Controllers\Login->login_action()
10 SYSTEMPATH\CodeIgniter.php(502): CodeIgniter\CodeIgniter->runController(Object(App\Controllers\Login))
11 SYSTEMPATH\CodeIgniter.php(361): CodeIgniter\CodeIgniter->handleRequest(null, Object(Config\Cache), false)
12 FCPATH\index.php(79): CodeIgniter\CodeIgniter->run()
13 SYSTEMPATH\Commands\Server\rewrite.php(47): require_once('C:\\xampp\\htdocs\\ci-project\\public\\index.php')
INFO - 2024-06-24 07:10:22 --> Session: Class initialized using 'CodeIgniter\Session\Handlers\FileHandler' driver.
INFO - 2024-06-24 07:10:24 --> Session: Class initialized using 'CodeIgniter\Session\Handlers\FileHandler' driver.
INFO - 2024-06-24 07:13:47 --> Session: Class initialized using 'CodeIgniter\Session\Handlers\FileHandler' driver.
ERROR - 2024-06-24 07:13:47 --> mysqli_sql_exception: Table 'ci4.kursus' doesn't exist in C:\xampp\htdocs\ci-project\vendor\codeigniter4\framework\system\Database\MySQLi\Connection.php:306
Stack trace:
#0 C:\xampp\htdocs\ci-project\vendor\codeigniter4\framework\system\Database\MySQLi\Connection.php(306): mysqli->query('SELECT *\nFROM `...', 0)
#1 C:\xampp\htdocs\ci-project\vendor\codeigniter4\framework\system\Database\BaseConnection.php(693): CodeIgniter\Database\MySQLi\Connection->execute('SELECT *\nFROM `...')
#2 C:\xampp\htdocs\ci-project\vendor\codeigniter4\framework\system\Database\BaseConnection.php(607): CodeIgniter\Database\BaseConnection->simpleQuery('SELECT *\nFROM `...')
#3 C:\xampp\htdocs\ci-project\vendor\codeigniter4\framework\system\Database\BaseBuilder.php(1616): CodeIgniter\Database\BaseConnection->query('SELECT *\nFROM `...', Array, false)
#4 C:\xampp\htdocs\ci-project\vendor\codeigniter4\framework\system\Model.php(242): CodeIgniter\Database\BaseBuilder->get()
#5 C:\xampp\htdocs\ci-project\vendor\codeigniter4\framework\system\BaseModel.php(638): CodeIgniter\Model->doFindAll(0, 0)
#6 C:\xampp\htdocs\ci-project\app\Models\Kursus_model.php(20): CodeIgniter\BaseModel->findAll()
#7 C:\xampp\htdocs\ci-project\app\Controllers\Login.php(34): App\Models\Kursus_model->getKursus()
#8 C:\xampp\htdocs\ci-project\vendor\codeigniter4\framework\system\CodeIgniter.php(941): App\Controllers\Login->login_action()
#9 C:\xampp\htdocs\ci-project\vendor\codeigniter4\framework\system\CodeIgniter.php(502): CodeIgniter\CodeIgniter->runController(Object(App\Controllers\Login))
#10 C:\xampp\htdocs\ci-project\vendor\codeigniter4\framework\system\CodeIgniter.php(361): CodeIgniter\CodeIgniter->handleRequest(NULL, Object(Config\Cache), false)
#11 C:\xampp\htdocs\ci-project\public\index.php(79): CodeIgniter\CodeIgniter->run()
#12 C:\xampp\htdocs\ci-project\vendor\codeigniter4\framework\system\Commands\Server\rewrite.php(47): require_once('C:\\xampp\\htdocs...')
#13 {main}
CRITICAL - 2024-06-24 07:13:47 --> CodeIgniter\Database\Exceptions\DatabaseException: Table 'ci4.kursus' doesn't exist
in SYSTEMPATH\Database\BaseConnection.php on line 647.
 1 SYSTEMPATH\Database\BaseBuilder.php(1616): CodeIgniter\Database\BaseConnection->query('SELECT *
FROM `kursus`', [], false)
 2 SYSTEMPATH\Model.php(242): CodeIgniter\Database\BaseBuilder->get()
 3 SYSTEMPATH\BaseModel.php(638): CodeIgniter\Model->doFindAll(0, 0)
 4 APPPATH\Models\Kursus_model.php(20): CodeIgniter\BaseModel->findAll()
 5 APPPATH\Controllers\Login.php(34): App\Models\Kursus_model->getKursus()
 6 SYSTEMPATH\CodeIgniter.php(941): App\Controllers\Login->login_action()
 7 SYSTEMPATH\CodeIgniter.php(502): CodeIgniter\CodeIgniter->runController(Object(App\Controllers\Login))
 8 SYSTEMPATH\CodeIgniter.php(361): CodeIgniter\CodeIgniter->handleRequest(null, Object(Config\Cache), false)
 9 FCPATH\index.php(79): CodeIgniter\CodeIgniter->run()
10 SYSTEMPATH\Commands\Server\rewrite.php(47): require_once('C:\\xampp\\htdocs\\ci-project\\public\\index.php')
CRITICAL - 2024-06-24 07:13:47 --> [Caused by] CodeIgniter\Database\Exceptions\DatabaseException: Table 'ci4.kursus' doesn't exist
in SYSTEMPATH\Database\MySQLi\Connection.php on line 311.
 1 SYSTEMPATH\Database\BaseConnection.php(693): CodeIgniter\Database\MySQLi\Connection->execute('SELECT *
FROM `kursus`')
 2 SYSTEMPATH\Database\BaseConnection.php(607): CodeIgniter\Database\BaseConnection->simpleQuery('SELECT *
FROM `kursus`')
 3 SYSTEMPATH\Database\BaseBuilder.php(1616): CodeIgniter\Database\BaseConnection->query('SELECT *
FROM `kursus`', [], false)
 4 SYSTEMPATH\Model.php(242): CodeIgniter\Database\BaseBuilder->get()
 5 SYSTEMPATH\BaseModel.php(638): CodeIgniter\Model->doFindAll(0, 0)
 6 APPPATH\Models\Kursus_model.php(20): CodeIgniter\BaseModel->findAll()
 7 APPPATH\Controllers\Login.php(34): App\Models\Kursus_model->getKursus()
 8 SYSTEMPATH\CodeIgniter.php(941): App\Controllers\Login->login_action()
 9 SYSTEMPATH\CodeIgniter.php(502): CodeIgniter\CodeIgniter->runController(Object(App\Controllers\Login))
10 SYSTEMPATH\CodeIgniter.php(361): CodeIgniter\CodeIgniter->handleRequest(null, Object(Config\Cache), false)
11 FCPATH\index.php(79): CodeIgniter\CodeIgniter->run()
12 SYSTEMPATH\Commands\Server\rewrite.php(47): require_once('C:\\xampp\\htdocs\\ci-project\\public\\index.php')
CRITICAL - 2024-06-24 07:13:47 --> [Caused by] mysqli_sql_exception: Table 'ci4.kursus' doesn't exist
in SYSTEMPATH\Database\MySQLi\Connection.php on line 306.
 1 SYSTEMPATH\Database\MySQLi\Connection.php(306): mysqli->query('SELECT *
FROM `kursus`', 0)
 2 SYSTEMPATH\Database\BaseConnection.php(693): CodeIgniter\Database\MySQLi\Connection->execute('SELECT *
FROM `kursus`')
 3 SYSTEMPATH\Database\BaseConnection.php(607): CodeIgniter\Database\BaseConnection->simpleQuery('SELECT *
FROM `kursus`')
 4 SYSTEMPATH\Database\BaseBuilder.php(1616): CodeIgniter\Database\BaseConnection->query('SELECT *
FROM `kursus`', [], false)
 5 SYSTEMPATH\Model.php(242): CodeIgniter\Database\BaseBuilder->get()
 6 SYSTEMPATH\BaseModel.php(638): CodeIgniter\Model->doFindAll(0, 0)
 7 APPPATH\Models\Kursus_model.php(20): CodeIgniter\BaseModel->findAll()
 8 APPPATH\Controllers\Login.php(34): App\Models\Kursus_model->getKursus()
 9 SYSTEMPATH\CodeIgniter.php(941): App\Controllers\Login->login_action()
10 SYSTEMPATH\CodeIgniter.php(502): CodeIgniter\CodeIgniter->runController(Object(App\Controllers\Login))
11 SYSTEMPATH\CodeIgniter.php(361): CodeIgniter\CodeIgniter->handleRequest(null, Object(Config\Cache), false)
12 FCPATH\index.php(79): CodeIgniter\CodeIgniter->run()
13 SYSTEMPATH\Commands\Server\rewrite.php(47): require_once('C:\\xampp\\htdocs\\ci-project\\public\\index.php')
INFO - 2024-06-24 07:13:51 --> Session: Class initialized using 'CodeIgniter\Session\Handlers\FileHandler' driver.
INFO - 2024-06-24 07:13:53 --> Session: Class initialized using 'CodeIgniter\Session\Handlers\FileHandler' driver.
INFO - 2024-06-24 07:17:50 --> Session: Class initialized using 'CodeIgniter\Session\Handlers\FileHandler' driver.
INFO - 2024-06-24 07:18:01 --> Session: Class initialized using 'CodeIgniter\Session\Handlers\FileHandler' driver.
INFO - 2024-06-24 07:18:05 --> Session: Class initialized using 'CodeIgniter\Session\Handlers\FileHandler' driver.
INFO - 2024-06-24 07:18:16 --> Session: Class initialized using 'CodeIgniter\Session\Handlers\FileHandler' driver.
INFO - 2024-06-24 07:23:10 --> Session: Class initialized using 'CodeIgniter\Session\Handlers\FileHandler' driver.
INFO - 2024-06-24 07:23:57 --> Session: Class initialized using 'CodeIgniter\Session\Handlers\FileHandler' driver.
INFO - 2024-06-24 07:23:59 --> Session: Class initialized using 'CodeIgniter\Session\Handlers\FileHandler' driver.
INFO - 2024-06-24 07:24:00 --> Session: Class initialized using 'CodeIgniter\Session\Handlers\FileHandler' driver.
INFO - 2024-06-24 07:24:10 --> Session: Class initialized using 'CodeIgniter\Session\Handlers\FileHandler' driver.
INFO - 2024-06-24 07:24:50 --> Session: Class initialized using 'CodeIgniter\Session\Handlers\FileHandler' driver.
INFO - 2024-06-24 07:30:09 --> Session: Class initialized using 'CodeIgniter\Session\Handlers\FileHandler' driver.
INFO - 2024-06-24 07:30:23 --> Session: Class initialized using 'CodeIgniter\Session\Handlers\FileHandler' driver.
INFO - 2024-06-24 07:30:38 --> Session: Class initialized using 'CodeIgniter\Session\Handlers\FileHandler' driver.
INFO - 2024-06-24 07:30:59 --> Session: Class initialized using 'CodeIgniter\Session\Handlers\FileHandler' driver.
INFO - 2024-06-24 07:31:33 --> Session: Class initialized using 'CodeIgniter\Session\Handlers\FileHandler' driver.
INFO - 2024-06-24 07:32:07 --> Session: Class initialized using 'CodeIgniter\Session\Handlers\FileHandler' driver.
INFO - 2024-06-24 07:38:43 --> Session: Class initialized using 'CodeIgniter\Session\Handlers\FileHandler' driver.
CRITICAL - 2024-06-24 07:40:41 --> ErrorException: Undefined array key "product_name"
in APPPATH\Views\product_view.php on line 33.
 1 APPPATH\Views\product_view.php(33): CodeIgniter\Debug\Exceptions->errorHandler(2, 'Undefined array key "product_name"', 'C:\\xampp\\htdocs\\ci-project\\app\\Views\\product_view.php', 33)
 2 SYSTEMPATH\View\View.php(228): include('C:\\xampp\\htdocs\\ci-project\\app\\Views\\product_view.php')
 3 SYSTEMPATH\View\View.php(231): CodeIgniter\View\View->CodeIgniter\View\{closure}()
 4 SYSTEMPATH\Common.php(1178): CodeIgniter\View\View->render('product_view', [], true)
 5 APPPATH\Controllers\Login.php(39): view('product_view', [...])
 6 SYSTEMPATH\CodeIgniter.php(941): App\Controllers\Login->login_action()
 7 SYSTEMPATH\CodeIgniter.php(502): CodeIgniter\CodeIgniter->runController(Object(App\Controllers\Login))
 8 SYSTEMPATH\CodeIgniter.php(361): CodeIgniter\CodeIgniter->handleRequest(null, Object(Config\Cache), false)
 9 FCPATH\index.php(79): CodeIgniter\CodeIgniter->run()
10 SYSTEMPATH\Commands\Server\rewrite.php(47): require_once('C:\\xampp\\htdocs\\ci-project\\public\\index.php')
INFO - 2024-06-24 07:40:44 --> Session: Class initialized using 'CodeIgniter\Session\Handlers\FileHandler' driver.
CRITICAL - 2024-06-24 07:40:51 --> ErrorException: Undefined array key "product_name"
in APPPATH\Views\product_view.php on line 33.
 1 APPPATH\Views\product_view.php(33): CodeIgniter\Debug\Exceptions->errorHandler(2, 'Undefined array key "product_name"', 'C:\\xampp\\htdocs\\ci-project\\app\\Views\\product_view.php', 33)
 2 SYSTEMPATH\View\View.php(228): include('C:\\xampp\\htdocs\\ci-project\\app\\Views\\product_view.php')
 3 SYSTEMPATH\View\View.php(231): CodeIgniter\View\View->CodeIgniter\View\{closure}()
 4 SYSTEMPATH\Common.php(1178): CodeIgniter\View\View->render('product_view', [], true)
 5 APPPATH\Controllers\Login.php(39): view('product_view', [...])
 6 SYSTEMPATH\CodeIgniter.php(941): App\Controllers\Login->login_action()
 7 SYSTEMPATH\CodeIgniter.php(502): CodeIgniter\CodeIgniter->runController(Object(App\Controllers\Login))
 8 SYSTEMPATH\CodeIgniter.php(361): CodeIgniter\CodeIgniter->handleRequest(null, Object(Config\Cache), false)
 9 FCPATH\index.php(79): CodeIgniter\CodeIgniter->run()
10 SYSTEMPATH\Commands\Server\rewrite.php(47): require_once('C:\\xampp\\htdocs\\ci-project\\public\\index.php')
INFO - 2024-06-24 07:42:17 --> Session: Class initialized using 'CodeIgniter\Session\Handlers\FileHandler' driver.
CRITICAL - 2024-06-24 07:42:24 --> ErrorException: Undefined array key "product_name"
in APPPATH\Views\product_view.php on line 33.
 1 APPPATH\Views\product_view.php(33): CodeIgniter\Debug\Exceptions->errorHandler(2, 'Undefined array key "product_name"', 'C:\\xampp\\htdocs\\ci-project\\app\\Views\\product_view.php', 33)
 2 SYSTEMPATH\View\View.php(228): include('C:\\xampp\\htdocs\\ci-project\\app\\Views\\product_view.php')
 3 SYSTEMPATH\View\View.php(231): CodeIgniter\View\View->CodeIgniter\View\{closure}()
 4 SYSTEMPATH\Common.php(1178): CodeIgniter\View\View->render('product_view', [], true)
 5 APPPATH\Controllers\Login.php(39): view('product_view', [...])
 6 SYSTEMPATH\CodeIgniter.php(941): App\Controllers\Login->login_action()
 7 SYSTEMPATH\CodeIgniter.php(502): CodeIgniter\CodeIgniter->runController(Object(App\Controllers\Login))
 8 SYSTEMPATH\CodeIgniter.php(361): CodeIgniter\CodeIgniter->handleRequest(null, Object(Config\Cache), false)
 9 FCPATH\index.php(79): CodeIgniter\CodeIgniter->run()
10 SYSTEMPATH\Commands\Server\rewrite.php(47): require_once('C:\\xampp\\htdocs\\ci-project\\public\\index.php')
INFO - 2024-06-24 07:44:29 --> Session: Class initialized using 'CodeIgniter\Session\Handlers\FileHandler' driver.
INFO - 2024-06-24 07:44:42 --> Session: Class initialized using 'CodeIgniter\Session\Handlers\FileHandler' driver.
CRITICAL - 2024-06-24 07:44:47 --> ErrorException: Undefined array key "product_name"
in APPPATH\Views\product_view.php on line 33.
 1 APPPATH\Views\product_view.php(33): CodeIgniter\Debug\Exceptions->errorHandler(2, 'Undefined array key "product_name"', 'C:\\xampp\\htdocs\\ci-project\\app\\Views\\product_view.php', 33)
 2 SYSTEMPATH\View\View.php(228): include('C:\\xampp\\htdocs\\ci-project\\app\\Views\\product_view.php')
 3 SYSTEMPATH\View\View.php(231): CodeIgniter\View\View->CodeIgniter\View\{closure}()
 4 SYSTEMPATH\Common.php(1178): CodeIgniter\View\View->render('product_view', [], true)
 5 APPPATH\Controllers\Login.php(39): view('product_view', [...])
 6 SYSTEMPATH\CodeIgniter.php(941): App\Controllers\Login->login_action()
 7 SYSTEMPATH\CodeIgniter.php(502): CodeIgniter\CodeIgniter->runController(Object(App\Controllers\Login))
 8 SYSTEMPATH\CodeIgniter.php(361): CodeIgniter\CodeIgniter->handleRequest(null, Object(Config\Cache), false)
 9 FCPATH\index.php(79): CodeIgniter\CodeIgniter->run()
10 SYSTEMPATH\Commands\Server\rewrite.php(47): require_once('C:\\xampp\\htdocs\\ci-project\\public\\index.php')
CRITICAL - 2024-06-24 07:45:35 --> ErrorException: Undefined array key "product_name"
in APPPATH\Views\product_view.php on line 33.
 1 APPPATH\Views\product_view.php(33): CodeIgniter\Debug\Exceptions->errorHandler(2, 'Undefined array key "product_name"', 'C:\\xampp\\htdocs\\ci-project\\app\\Views\\product_view.php', 33)
 2 SYSTEMPATH\View\View.php(228): include('C:\\xampp\\htdocs\\ci-project\\app\\Views\\product_view.php')
 3 SYSTEMPATH\View\View.php(231): CodeIgniter\View\View->CodeIgniter\View\{closure}()
 4 SYSTEMPATH\Common.php(1178): CodeIgniter\View\View->render('product_view', [], true)
 5 APPPATH\Controllers\Login.php(39): view('product_view', [...])
 6 SYSTEMPATH\CodeIgniter.php(941): App\Controllers\Login->login_action()
 7 SYSTEMPATH\CodeIgniter.php(502): CodeIgniter\CodeIgniter->runController(Object(App\Controllers\Login))
 8 SYSTEMPATH\CodeIgniter.php(361): CodeIgniter\CodeIgniter->handleRequest(null, Object(Config\Cache), false)
 9 FCPATH\index.php(79): CodeIgniter\CodeIgniter->run()
10 SYSTEMPATH\Commands\Server\rewrite.php(47): require_once('C:\\xampp\\htdocs\\ci-project\\public\\index.php')
CRITICAL - 2024-06-24 07:46:54 --> ErrorException: Undefined variable $kursus
in APPPATH\Views\peserta_form.php on line 70.
 1 APPPATH\Views\peserta_form.php(70): CodeIgniter\Debug\Exceptions->errorHandler(2, 'Undefined variable $kursus', 'C:\\xampp\\htdocs\\ci-project\\app\\Views\\peserta_form.php', 70)
 2 SYSTEMPATH\View\View.php(228): include('C:\\xampp\\htdocs\\ci-project\\app\\Views\\peserta_form.php')
 3 SYSTEMPATH\View\View.php(231): CodeIgniter\View\View->CodeIgniter\View\{closure}()
 4 SYSTEMPATH\Common.php(1178): CodeIgniter\View\View->render('peserta_form', [], true)
 5 APPPATH\Controllers\Login.php(39): view('peserta_form', [...])
 6 SYSTEMPATH\CodeIgniter.php(941): App\Controllers\Login->login_action()
 7 SYSTEMPATH\CodeIgniter.php(502): CodeIgniter\CodeIgniter->runController(Object(App\Controllers\Login))
 8 SYSTEMPATH\CodeIgniter.php(361): CodeIgniter\CodeIgniter->handleRequest(null, Object(Config\Cache), false)
 9 FCPATH\index.php(79): CodeIgniter\CodeIgniter->run()
10 SYSTEMPATH\Commands\Server\rewrite.php(47): require_once('C:\\xampp\\htdocs\\ci-project\\public\\index.php')
INFO - 2024-06-24 07:48:16 --> Session: Class initialized using 'CodeIgniter\Session\Handlers\FileHandler' driver.
INFO - 2024-06-24 07:48:20 --> Session: Class initialized using 'CodeIgniter\Session\Handlers\FileHandler' driver.
INFO - 2024-06-24 07:48:25 --> Session: Class initialized using 'CodeIgniter\Session\Handlers\FileHandler' driver.
INFO - 2024-06-24 07:50:37 --> Session: Class initialized using 'CodeIgniter\Session\Handlers\FileHandler' driver.
INFO - 2024-06-24 07:50:39 --> Session: Class initialized using 'CodeIgniter\Session\Handlers\FileHandler' driver.
CRITICAL - 2024-06-24 07:50:47 --> CodeIgniter\View\Exceptions\ViewException: Invalid file: "product_form.php"
in SYSTEMPATH\Exceptions\FrameworkException.php on line 39.
 1 SYSTEMPATH\View\View.php(216): CodeIgniter\Exceptions\FrameworkException::forInvalidFile('product_form.php')
 2 SYSTEMPATH\Common.php(1178): CodeIgniter\View\View->render('product_form', [], true)
 3 APPPATH\Controllers\Login.php(40): view('product_form')
 4 SYSTEMPATH\CodeIgniter.php(941): App\Controllers\Login->login_action()
 5 SYSTEMPATH\CodeIgniter.php(502): CodeIgniter\CodeIgniter->runController(Object(App\Controllers\Login))
 6 SYSTEMPATH\CodeIgniter.php(361): CodeIgniter\CodeIgniter->handleRequest(null, Object(Config\Cache), false)
 7 FCPATH\index.php(79): CodeIgniter\CodeIgniter->run()
 8 SYSTEMPATH\Commands\Server\rewrite.php(47): require_once('C:\\xampp\\htdocs\\ci-project\\public\\index.php')
CRITICAL - 2024-06-24 07:51:29 --> ErrorException: Undefined variable $kursus
in APPPATH\Views\product_form.php on line 22.
 1 APPPATH\Views\product_form.php(22): CodeIgniter\Debug\Exceptions->errorHandler(2, 'Undefined variable $kursus', 'C:\\xampp\\htdocs\\ci-project\\app\\Views\\product_form.php', 22)
 2 SYSTEMPATH\View\View.php(228): include('C:\\xampp\\htdocs\\ci-project\\app\\Views\\product_form.php')
 3 SYSTEMPATH\View\View.php(231): CodeIgniter\View\View->CodeIgniter\View\{closure}()
 4 SYSTEMPATH\Common.php(1178): CodeIgniter\View\View->render('product_form', [], true)
 5 APPPATH\Controllers\Login.php(40): view('product_form')
 6 SYSTEMPATH\CodeIgniter.php(941): App\Controllers\Login->login_action()
 7 SYSTEMPATH\CodeIgniter.php(502): CodeIgniter\CodeIgniter->runController(Object(App\Controllers\Login))
 8 SYSTEMPATH\CodeIgniter.php(361): CodeIgniter\CodeIgniter->handleRequest(null, Object(Config\Cache), false)
 9 FCPATH\index.php(79): CodeIgniter\CodeIgniter->run()
10 SYSTEMPATH\Commands\Server\rewrite.php(47): require_once('C:\\xampp\\htdocs\\ci-project\\public\\index.php')
INFO - 2024-06-24 11:24:42 --> Session: Class initialized using 'CodeIgniter\Session\Handlers\FileHandler' driver.
INFO - 2024-06-24 11:32:42 --> Session: Class initialized using 'CodeIgniter\Session\Handlers\FileHandler' driver.
CRITICAL - 2024-06-24 11:32:53 --> ErrorException: Undefined variable $kursus
in APPPATH\Views\product_form.php on line 33.
 1 APPPATH\Views\product_form.php(33): CodeIgniter\Debug\Exceptions->errorHandler(2, 'Undefined variable $kursus', 'C:\\xampp\\htdocs\\ci-project\\app\\Views\\product_form.php', 33)
 2 SYSTEMPATH\View\View.php(228): include('C:\\xampp\\htdocs\\ci-project\\app\\Views\\product_form.php')
 3 SYSTEMPATH\View\View.php(231): CodeIgniter\View\View->CodeIgniter\View\{closure}()
 4 SYSTEMPATH\Common.php(1178): CodeIgniter\View\View->render('product_form', [], true)
 5 APPPATH\Controllers\Login.php(40): view('product_form')
 6 SYSTEMPATH\CodeIgniter.php(941): App\Controllers\Login->login_action()
 7 SYSTEMPATH\CodeIgniter.php(502): CodeIgniter\CodeIgniter->runController(Object(App\Controllers\Login))
 8 SYSTEMPATH\CodeIgniter.php(361): CodeIgniter\CodeIgniter->handleRequest(null, Object(Config\Cache), false)
 9 FCPATH\index.php(79): CodeIgniter\CodeIgniter->run()
10 SYSTEMPATH\Commands\Server\rewrite.php(47): require_once('C:\\xampp\\htdocs\\ci-project\\public\\index.php')
INFO - 2024-06-24 11:33:12 --> Session: Class initialized using 'CodeIgniter\Session\Handlers\FileHandler' driver.
INFO - 2024-06-24 11:34:12 --> Session: Class initialized using 'CodeIgniter\Session\Handlers\FileHandler' driver.
INFO - 2024-06-24 11:34:50 --> Session: Class initialized using 'CodeIgniter\Session\Handlers\FileHandler' driver.
INFO - 2024-06-24 11:34:54 --> Session: Class initialized using 'CodeIgniter\Session\Handlers\FileHandler' driver.
INFO - 2024-06-24 11:35:16 --> Session: Class initialized using 'CodeIgniter\Session\Handlers\FileHandler' driver.
INFO - 2024-06-24 11:36:04 --> Session: Class initialized using 'CodeIgniter\Session\Handlers\FileHandler' driver.
CRITICAL - 2024-06-24 11:36:04 --> ErrorException: Undefined variable $product
in APPPATH\Views\product_view.php on line 30.
 1 APPPATH\Views\product_view.php(30): CodeIgniter\Debug\Exceptions->errorHandler(2, 'Undefined variable $product', 'C:\\xampp\\htdocs\\ci-project\\app\\Views\\product_view.php', 30)
 2 SYSTEMPATH\View\View.php(228): include('C:\\xampp\\htdocs\\ci-project\\app\\Views\\product_view.php')
 3 SYSTEMPATH\View\View.php(231): CodeIgniter\View\View->CodeIgniter\View\{closure}()
 4 SYSTEMPATH\Common.php(1178): CodeIgniter\View\View->render('product_view', [], true)
 5 APPPATH\Controllers\Login.php(35): view('product_view', [...])
 6 SYSTEMPATH\CodeIgniter.php(941): App\Controllers\Login->login_action()
 7 SYSTEMPATH\CodeIgniter.php(502): CodeIgniter\CodeIgniter->runController(Object(App\Controllers\Login))
 8 SYSTEMPATH\CodeIgniter.php(361): CodeIgniter\CodeIgniter->handleRequest(null, Object(Config\Cache), false)
 9 FCPATH\index.php(79): CodeIgniter\CodeIgniter->run()
10 SYSTEMPATH\Commands\Server\rewrite.php(47): require_once('C:\\xampp\\htdocs\\ci-project\\public\\index.php')
INFO - 2024-06-24 11:36:20 --> Session: Class initialized using 'CodeIgniter\Session\Handlers\FileHandler' driver.
INFO - 2024-06-24 11:36:21 --> Session: Class initialized using 'CodeIgniter\Session\Handlers\FileHandler' driver.
INFO - 2024-06-24 11:36:29 --> Session: Class initialized using 'CodeIgniter\Session\Handlers\FileHandler' driver.
INFO - 2024-06-24 11:36:35 --> Session: Class initialized using 'CodeIgniter\Session\Handlers\FileHandler' driver.
INFO - 2024-06-24 11:44:17 --> Session: Class initialized using 'CodeIgniter\Session\Handlers\FileHandler' driver.
INFO - 2024-06-24 11:44:35 --> Session: Class initialized using 'CodeIgniter\Session\Handlers\FileHandler' driver.
INFO - 2024-06-24 11:44:39 --> Session: Class initialized using 'CodeIgniter\Session\Handlers\FileHandler' driver.
INFO - 2024-06-24 11:44:45 --> Session: Class initialized using 'CodeIgniter\Session\Handlers\FileHandler' driver.
INFO - 2024-06-24 11:46:41 --> Session: Class initialized using 'CodeIgniter\Session\Handlers\FileHandler' driver.
INFO - 2024-06-24 11:46:49 --> Session: Class initialized using 'CodeIgniter\Session\Handlers\FileHandler' driver.
INFO - 2024-06-24 11:47:35 --> Session: Class initialized using 'CodeIgniter\Session\Handlers\FileHandler' driver.
INFO - 2024-06-24 11:47:42 --> Session: Class initialized using 'CodeIgniter\Session\Handlers\FileHandler' driver.
INFO - 2024-06-24 11:47:50 --> Session: Class initialized using 'CodeIgniter\Session\Handlers\FileHandler' driver.
INFO - 2024-06-24 11:48:16 --> Session: Class initialized using 'CodeIgniter\Session\Handlers\FileHandler' driver.
INFO - 2024-06-24 11:51:05 --> Session: Class initialized using 'CodeIgniter\Session\Handlers\FileHandler' driver.
CRITICAL - 2024-06-24 11:51:07 --> CodeIgniter\View\Exceptions\ViewException: Invalid file: "peserta_view.php"
in SYSTEMPATH\Exceptions\FrameworkException.php on line 39.
 1 SYSTEMPATH\View\View.php(216): CodeIgniter\Exceptions\FrameworkException::forInvalidFile('peserta_view.php')
 2 SYSTEMPATH\Common.php(1178): CodeIgniter\View\View->render('peserta_view', [], true)
 3 APPPATH\Controllers\Product.php(61): view('peserta_view')
 4 SYSTEMPATH\CodeIgniter.php(941): App\Controllers\Product->newProduct()
 5 SYSTEMPATH\CodeIgniter.php(502): CodeIgniter\CodeIgniter->runController(Object(App\Controllers\Product))
 6 SYSTEMPATH\CodeIgniter.php(361): CodeIgniter\CodeIgniter->handleRequest(null, Object(Config\Cache), false)
 7 FCPATH\index.php(79): CodeIgniter\CodeIgniter->run()
 8 SYSTEMPATH\Commands\Server\rewrite.php(47): require_once('C:\\xampp\\htdocs\\ci-project\\public\\index.php')
INFO - 2024-06-24 11:51:22 --> Session: Class initialized using 'CodeIgniter\Session\Handlers\FileHandler' driver.
INFO - 2024-06-24 11:51:27 --> Session: Class initialized using 'CodeIgniter\Session\Handlers\FileHandler' driver.
CRITICAL - 2024-06-24 11:53:33 --> ErrorException: Undefined variable $nomorDaftar
in APPPATH\Views\peserta_form2.php on line 79.
 1 APPPATH\Views\peserta_form2.php(79): CodeIgniter\Debug\Exceptions->errorHandler(2, 'Undefined variable $nomorDaftar', 'C:\\xampp\\htdocs\\ci-project\\app\\Views\\peserta_form2.php', 79)
 2 SYSTEMPATH\View\View.php(228): include('C:\\xampp\\htdocs\\ci-project\\app\\Views\\peserta_form2.php')
 3 SYSTEMPATH\View\View.php(231): CodeIgniter\View\View->CodeIgniter\View\{closure}()
 4 SYSTEMPATH\Common.php(1178): CodeIgniter\View\View->render('peserta_form2', [], true)
 5 APPPATH\Controllers\Product.php(61): view('peserta_form2')
 6 SYSTEMPATH\CodeIgniter.php(941): App\Controllers\Product->newProduct()
 7 SYSTEMPATH\CodeIgniter.php(502): CodeIgniter\CodeIgniter->runController(Object(App\Controllers\Product))
 8 SYSTEMPATH\CodeIgniter.php(361): CodeIgniter\CodeIgniter->handleRequest(null, Object(Config\Cache), false)
 9 FCPATH\index.php(79): CodeIgniter\CodeIgniter->run()
10 SYSTEMPATH\Commands\Server\rewrite.php(47): require_once('C:\\xampp\\htdocs\\ci-project\\public\\index.php')
INFO - 2024-06-24 12:06:29 --> Session: Class initialized using 'CodeIgniter\Session\Handlers\FileHandler' driver.
CRITICAL - 2024-06-24 12:06:29 --> ErrorException: Undefined array key "harga"
in APPPATH\Views\kursus_view.php on line 91.
 1 APPPATH\Views\kursus_view.php(91): CodeIgniter\Debug\Exceptions->errorHandler(2, 'Undefined array key "harga"', 'C:\\xampp\\htdocs\\ci-project\\app\\Views\\kursus_view.php', 91)
 2 SYSTEMPATH\View\View.php(228): include('C:\\xampp\\htdocs\\ci-project\\app\\Views\\kursus_view.php')
 3 SYSTEMPATH\View\View.php(231): CodeIgniter\View\View->CodeIgniter\View\{closure}()
 4 SYSTEMPATH\Common.php(1178): CodeIgniter\View\View->render('kursus_view', [], true)
 5 APPPATH\Controllers\Login.php(35): view('kursus_view', [...])
 6 SYSTEMPATH\CodeIgniter.php(941): App\Controllers\Login->login_action()
 7 SYSTEMPATH\CodeIgniter.php(502): CodeIgniter\CodeIgniter->runController(Object(App\Controllers\Login))
 8 SYSTEMPATH\CodeIgniter.php(361): CodeIgniter\CodeIgniter->handleRequest(null, Object(Config\Cache), false)
 9 FCPATH\index.php(79): CodeIgniter\CodeIgniter->run()
10 SYSTEMPATH\Commands\Server\rewrite.php(47): require_once('C:\\xampp\\htdocs\\ci-project\\public\\index.php')
INFO - 2024-06-24 12:08:45 --> Session: Class initialized using 'CodeIgniter\Session\Handlers\FileHandler' driver.
INFO - 2024-06-24 12:09:22 --> Session: Class initialized using 'CodeIgniter\Session\Handlers\FileHandler' driver.
INFO - 2024-06-24 12:09:37 --> Session: Class initialized using 'CodeIgniter\Session\Handlers\FileHandler' driver.
INFO - 2024-06-24 12:09:54 --> Session: Class initialized using 'CodeIgniter\Session\Handlers\FileHandler' driver.
INFO - 2024-06-24 12:11:08 --> Session: Class initialized using 'CodeIgniter\Session\Handlers\FileHandler' driver.
INFO - 2024-06-24 12:12:44 --> Session: Class initialized using 'CodeIgniter\Session\Handlers\FileHandler' driver.
INFO - 2024-06-24 12:13:38 --> Session: Class initialized using 'CodeIgniter\Session\Handlers\FileHandler' driver.
INFO - 2024-06-24 12:15:16 --> Session: Class initialized using 'CodeIgniter\Session\Handlers\FileHandler' driver.
INFO - 2024-06-24 22:47:52 --> Session: Class initialized using 'CodeIgniter\Session\Handlers\FileHandler' driver.
INFO - 2024-06-24 22:49:04 --> Session: Class initialized using 'CodeIgniter\Session\Handlers\FileHandler' driver.
